/Users/brianswitach/Library/Python/3.9/lib/python/site-packages/urllib3/__init__.py:35: NotOpenSSLWarning: urllib3 v2 only supports OpenSSL 1.1.1+, currently the 'ssl' module is compiled with 'LibreSSL 2.8.3'. See: https://github.com/urllib3/urllib3/issues/3020
  warnings.warn(
Arranca la Transferencia #1
Fallida la Transferencia #1
Pasada finalizada — Pass 1 — Completadas: none — Fallidas: 1
Arranca la Transferencia #1
Fallida la Transferencia #1
Pasada finalizada — Pass 2 — Completadas: none — Fallidas: 1
Arranca la Transferencia #1
Fallida la Transferencia #1
Pasada finalizada — Pass 3 — Completadas: none — Fallidas: 1
Arranca la Transferencia #1
Fallida la Transferencia #1
Pasada finalizada — Pass 4 — Completadas: none — Fallidas: 1
Arranca la Transferencia #1
Fallida la Transferencia #1
Pasada finalizada — Pass 5 — Completadas: none — Fallidas: 1
Arranca la Transferencia #1
Fallida la Transferencia #1
Pasada finalizada — Pass 6 — Completadas: none — Fallidas: 1
Arranca la Transferencia #1
Fallida la Transferencia #1
Pasada finalizada — Pass 7 — Completadas: none — Fallidas: 1
Arranca la Transferencia #1
Fallida la Transferencia #1
Pasada finalizada — Pass 8 — Completadas: none — Fallidas: 1
Arranca la Transferencia #1
Fallida la Transferencia #1
Pasada finalizada — Pass 9 — Completadas: none — Fallidas: 1
Arranca la Transferencia #1
Fallida la Transferencia #1
Pasada finalizada — Pass 10 — Completadas: none — Fallidas: 1
Arranca la Transferencia #1
Fallida la Transferencia #1
Pasada finalizada — Pass 11 — Completadas: none — Fallidas: 1
Arranca la Transferencia #1
Fallida la Transferencia #1
Pasada finalizada — Pass 12 — Completadas: none — Fallidas: 1
Arranca la Transferencia #1
Fallida la Transferencia #1
Pasada finalizada — Pass 13 — Completadas: none — Fallidas: 1
Arranca la Transferencia #1
Fallida la Transferencia #1
Pasada finalizada — Pass 14 — Completadas: none — Fallidas: 1
Arranca la Transferencia #1
Fallida la Transferencia #1
Pasada finalizada — Pass 15 — Completadas: none — Fallidas: 1
Arranca la Transferencia #1
Fallida la Transferencia #1
Pasada finalizada — Pass 16 — Completadas: none — Fallidas: 1
Arranca la Transferencia #1
Fallida la Transferencia #1
Pasada finalizada — Pass 17 — Completadas: none — Fallidas: 1
Arranca la Transferencia #1
Fallida la Transferencia #1
Pasada finalizada — Pass 18 — Completadas: none — Fallidas: 1
Arranca la Transferencia #1
Fallida la Transferencia #1
Pasada finalizada — Pass 19 — Completadas: none — Fallidas: 1
Arranca la Transferencia #1
Fallida la Transferencia #1
Pasada finalizada — Pass 20 — Completadas: none — Fallidas: 1
Arranca la Transferencia #1
Fallida la Transferencia #1
Pasada finalizada — Pass 21 — Completadas: none — Fallidas: 1
Arranca la Transferencia #1
Fallida la Transferencia #1
Pasada finalizada — Pass 22 — Completadas: none — Fallidas: 1
Arranca la Transferencia #1
Fallida la Transferencia #1
Pasada finalizada — Pass 23 — Completadas: none — Fallidas: 1
Arranca la Transferencia #1
Fallida la Transferencia #1
Pasada finalizada — Pass 24 — Completadas: none — Fallidas: 1
Arranca la Transferencia #1
Fallida la Transferencia #1
Pasada finalizada — Pass 25 — Completadas: none — Fallidas: 1
Arranca la Transferencia #1
Fallida la Transferencia #1
Pasada finalizada — Pass 26 — Completadas: none — Fallidas: 1
Arranca la Transferencia #1
Fallida la Transferencia #1
Pasada finalizada — Pass 27 — Completadas: none — Fallidas: 1
Arranca la Transferencia #1
Fallida la Transferencia #1
Pasada finalizada — Pass 28 — Completadas: none — Fallidas: 1
Arranca la Transferencia #1
Fallida la Transferencia #1
Pasada finalizada — Pass 29 — Completadas: none — Fallidas: 1
Arranca la Transferencia #1
Fallida la Transferencia #1
Pasada finalizada — Pass 30 — Completadas: none — Fallidas: 1
Arranca la Transferencia #1
Fallida la Transferencia #1
Pasada finalizada — Pass 31 — Completadas: none — Fallidas: 1
Arranca la Transferencia #1
Fallida la Transferencia #1
Pasada finalizada — Pass 32 — Completadas: none — Fallidas: 1
Arranca la Transferencia #1
Fallida la Transferencia #1
Pasada finalizada — Pass 33 — Completadas: none — Fallidas: 1
Arranca la Transferencia #1
Fallida la Transferencia #1
Pasada finalizada — Pass 34 — Completadas: none — Fallidas: 1
Arranca la Transferencia #1
Fallida la Transferencia #1
Pasada finalizada — Pass 35 — Completadas: none — Fallidas: 1
Arranca la Transferencia #1
Fallida la Transferencia #1
Pasada finalizada — Pass 36 — Completadas: none — Fallidas: 1
Arranca la Transferencia #1
Fallida la Transferencia #1
Pasada finalizada — Pass 37 — Completadas: none — Fallidas: 1
Arranca la Transferencia #1
Fallida la Transferencia #1
Pasada finalizada — Pass 38 — Completadas: none — Fallidas: 1
Arranca la Transferencia #1
Fallida la Transferencia #1
Pasada finalizada — Pass 39 — Completadas: none — Fallidas: 1
Arranca la Transferencia #1
Fallida la Transferencia #1
Pasada finalizada — Pass 40 — Completadas: none — Fallidas: 1
Arranca la Transferencia #1
Fallida la Transferencia #1
Pasada finalizada — Pass 41 — Completadas: none — Fallidas: 1
Arranca la Transferencia #1
Fallida la Transferencia #1
Pasada finalizada — Pass 42 — Completadas: none — Fallidas: 1
Arranca la Transferencia #1
Fallida la Transferencia #1
Pasada finalizada — Pass 43 — Completadas: none — Fallidas: 1
Arranca la Transferencia #1
Fallida la Transferencia #1
Pasada finalizada — Pass 44 — Completadas: none — Fallidas: 1
Arranca la Transferencia #1
Fallida la Transferencia #1
Pasada finalizada — Pass 45 — Completadas: none — Fallidas: 1
Arranca la Transferencia #1
Fallida la Transferencia #1
Pasada finalizada — Pass 46 — Completadas: none — Fallidas: 1
Arranca la Transferencia #1
Fallida la Transferencia #1
Pasada finalizada — Pass 47 — Completadas: none — Fallidas: 1
Arranca la Transferencia #1
Fallida la Transferencia #1
Pasada finalizada — Pass 48 — Completadas: none — Fallidas: 1
Arranca la Transferencia #1
Fallida la Transferencia #1
Pasada finalizada — Pass 49 — Completadas: none — Fallidas: 1
Arranca la Transferencia #1
Fallida la Transferencia #1
Pasada finalizada — Pass 50 — Completadas: none — Fallidas: 1
Arranca la Transferencia #1
Fallida la Transferencia #1
Pasada finalizada — Pass 51 — Completadas: none — Fallidas: 1
Arranca la Transferencia #1
Fallida la Transferencia #1
Pasada finalizada — Pass 52 — Completadas: none — Fallidas: 1
Arranca la Transferencia #1
Fallida la Transferencia #1
Pasada finalizada — Pass 53 — Completadas: none — Fallidas: 1
Arranca la Transferencia #1
Fallida la Transferencia #1
Pasada finalizada — Pass 54 — Completadas: none — Fallidas: 1
Arranca la Transferencia #1
Fallida la Transferencia #1
Pasada finalizada — Pass 55 — Completadas: none — Fallidas: 1
Arranca la Transferencia #1
Fallida la Transferencia #1
Pasada finalizada — Pass 56 — Completadas: none — Fallidas: 1
Arranca la Transferencia #1
Fallida la Transferencia #1
Pasada finalizada — Pass 57 — Completadas: none — Fallidas: 1
Arranca la Transferencia #1
Fallida la Transferencia #1
Pasada finalizada — Pass 58 — Completadas: none — Fallidas: 1
Arranca la Transferencia #1
Fallida la Transferencia #1
Pasada finalizada — Pass 59 — Completadas: none — Fallidas: 1
Arranca la Transferencia #1
Fallida la Transferencia #1
Pasada finalizada — Pass 60 — Completadas: none — Fallidas: 1
Arranca la Transferencia #1
Fallida la Transferencia #1
Pasada finalizada — Pass 61 — Completadas: none — Fallidas: 1
Arranca la Transferencia #1
Fallida la Transferencia #1
Pasada finalizada — Pass 62 — Completadas: none — Fallidas: 1
Arranca la Transferencia #1
Fallida la Transferencia #1
Pasada finalizada — Pass 63 — Completadas: none — Fallidas: 1
Arranca la Transferencia #1
Fallida la Transferencia #1
Pasada finalizada — Pass 64 — Completadas: none — Fallidas: 1
Arranca la Transferencia #1
Fallida la Transferencia #1
Pasada finalizada — Pass 65 — Completadas: none — Fallidas: 1
Arranca la Transferencia #1
Fallida la Transferencia #1
Pasada finalizada — Pass 66 — Completadas: none — Fallidas: 1
Arranca la Transferencia #1
Fallida la Transferencia #1
Pasada finalizada — Pass 67 — Completadas: none — Fallidas: 1
Arranca la Transferencia #1
Fallida la Transferencia #1
Pasada finalizada — Pass 68 — Completadas: none — Fallidas: 1
Arranca la Transferencia #1
Fallida la Transferencia #1
Pasada finalizada — Pass 69 — Completadas: none — Fallidas: 1
Arranca la Transferencia #1
Fallida la Transferencia #1
Pasada finalizada — Pass 70 — Completadas: none — Fallidas: 1
Arranca la Transferencia #1
Fallida la Transferencia #1
Pasada finalizada — Pass 71 — Completadas: none — Fallidas: 1
Arranca la Transferencia #1
Fallida la Transferencia #1
Pasada finalizada — Pass 72 — Completadas: none — Fallidas: 1
Arranca la Transferencia #1
Fallida la Transferencia #1
Pasada finalizada — Pass 73 — Completadas: none — Fallidas: 1
Arranca la Transferencia #1
Fallida la Transferencia #1
Pasada finalizada — Pass 74 — Completadas: none — Fallidas: 1
Arranca la Transferencia #1
Fallida la Transferencia #1
Pasada finalizada — Pass 75 — Completadas: none — Fallidas: 1
Arranca la Transferencia #1
Fallida la Transferencia #1
Pasada finalizada — Pass 76 — Completadas: none — Fallidas: 1
Arranca la Transferencia #1
Fallida la Transferencia #1
Pasada finalizada — Pass 77 — Completadas: none — Fallidas: 1
Arranca la Transferencia #1
Fallida la Transferencia #1
Pasada finalizada — Pass 78 — Completadas: none — Fallidas: 1
Arranca la Transferencia #1
Fallida la Transferencia #1
Pasada finalizada — Pass 79 — Completadas: none — Fallidas: 1
Arranca la Transferencia #1
Fallida la Transferencia #1
Pasada finalizada — Pass 80 — Completadas: none — Fallidas: 1
Arranca la Transferencia #1
Fallida la Transferencia #1
Pasada finalizada — Pass 81 — Completadas: none — Fallidas: 1
Arranca la Transferencia #1
Fallida la Transferencia #1
Pasada finalizada — Pass 82 — Completadas: none — Fallidas: 1
Arranca la Transferencia #1
Fallida la Transferencia #1
Pasada finalizada — Pass 83 — Completadas: none — Fallidas: 1
Arranca la Transferencia #1
Fallida la Transferencia #1
Pasada finalizada — Pass 84 — Completadas: none — Fallidas: 1
Arranca la Transferencia #1
Fallida la Transferencia #1
Pasada finalizada — Pass 85 — Completadas: none — Fallidas: 1
Arranca la Transferencia #1
Fallida la Transferencia #1
Pasada finalizada — Pass 86 — Completadas: none — Fallidas: 1
Arranca la Transferencia #1
Fallida la Transferencia #1
Pasada finalizada — Pass 87 — Completadas: none — Fallidas: 1
Arranca la Transferencia #1
Fallida la Transferencia #1
Pasada finalizada — Pass 88 — Completadas: none — Fallidas: 1
Arranca la Transferencia #1
Fallida la Transferencia #1
Pasada finalizada — Pass 89 — Completadas: none — Fallidas: 1
Arranca la Transferencia #1
Fallida la Transferencia #1
Pasada finalizada — Pass 90 — Completadas: none — Fallidas: 1
Arranca la Transferencia #1
Fallida la Transferencia #1
Pasada finalizada — Pass 91 — Completadas: none — Fallidas: 1
Arranca la Transferencia #1
Fallida la Transferencia #1
Pasada finalizada — Pass 92 — Completadas: none — Fallidas: 1
Arranca la Transferencia #1
Fallida la Transferencia #1
Pasada finalizada — Pass 93 — Completadas: none — Fallidas: 1
Arranca la Transferencia #1
Fallida la Transferencia #1
Pasada finalizada — Pass 94 — Completadas: none — Fallidas: 1
Arranca la Transferencia #1
Fallida la Transferencia #1
Pasada finalizada — Pass 95 — Completadas: none — Fallidas: 1
Arranca la Transferencia #1
Fallida la Transferencia #1
Pasada finalizada — Pass 96 — Completadas: none — Fallidas: 1
Arranca la Transferencia #1
Fallida la Transferencia #1
Pasada finalizada — Pass 97 — Completadas: none — Fallidas: 1
Arranca la Transferencia #1
Fallida la Transferencia #1
Pasada finalizada — Pass 98 — Completadas: none — Fallidas: 1
Arranca la Transferencia #1
Fallida la Transferencia #1
Pasada finalizada — Pass 99 — Completadas: none — Fallidas: 1
Arranca la Transferencia #1
Fallida la Transferencia #1
Pasada finalizada — Pass 100 — Completadas: none — Fallidas: 1
Arranca la Transferencia #1
Fallida la Transferencia #1
Pasada finalizada — Pass 101 — Completadas: none — Fallidas: 1
Arranca la Transferencia #1
Fallida la Transferencia #1
Pasada finalizada — Pass 102 — Completadas: none — Fallidas: 1
Arranca la Transferencia #1
Fallida la Transferencia #1
Pasada finalizada — Pass 103 — Completadas: none — Fallidas: 1
Arranca la Transferencia #1
Fallida la Transferencia #1
Pasada finalizada — Pass 104 — Completadas: none — Fallidas: 1
Arranca la Transferencia #1
Fallida la Transferencia #1
Pasada finalizada — Pass 105 — Completadas: none — Fallidas: 1
Arranca la Transferencia #1
Fallida la Transferencia #1
Pasada finalizada — Pass 106 — Completadas: none — Fallidas: 1
Arranca la Transferencia #1
Fallida la Transferencia #1
Pasada finalizada — Pass 107 — Completadas: none — Fallidas: 1
Arranca la Transferencia #1
Fallida la Transferencia #1
Pasada finalizada — Pass 108 — Completadas: none — Fallidas: 1
Arranca la Transferencia #1
Fallida la Transferencia #1
Pasada finalizada — Pass 109 — Completadas: none — Fallidas: 1
Arranca la Transferencia #1
Fallida la Transferencia #1
Pasada finalizada — Pass 110 — Completadas: none — Fallidas: 1
Arranca la Transferencia #1
Fallida la Transferencia #1
Pasada finalizada — Pass 111 — Completadas: none — Fallidas: 1
Arranca la Transferencia #1
Fallida la Transferencia #1
Pasada finalizada — Pass 112 — Completadas: none — Fallidas: 1
Arranca la Transferencia #1
Fallida la Transferencia #1
Pasada finalizada — Pass 113 — Completadas: none — Fallidas: 1
Arranca la Transferencia #1
Fallida la Transferencia #1
Pasada finalizada — Pass 114 — Completadas: none — Fallidas: 1
Arranca la Transferencia #1
Fallida la Transferencia #1
Pasada finalizada — Pass 115 — Completadas: none — Fallidas: 1
Arranca la Transferencia #1
Fallida la Transferencia #1
Pasada finalizada — Pass 116 — Completadas: none — Fallidas: 1
Arranca la Transferencia #1
Fallida la Transferencia #1
Pasada finalizada — Pass 117 — Completadas: none — Fallidas: 1
Arranca la Transferencia #1
Fallida la Transferencia #1
Pasada finalizada — Pass 118 — Completadas: none — Fallidas: 1
Arranca la Transferencia #1
Fallida la Transferencia #1
Pasada finalizada — Pass 119 — Completadas: none — Fallidas: 1
Arranca la Transferencia #1
Fallida la Transferencia #1
Pasada finalizada — Pass 120 — Completadas: none — Fallidas: 1
Arranca la Transferencia #1
Fallida la Transferencia #1
Pasada finalizada — Pass 121 — Completadas: none — Fallidas: 1
Arranca la Transferencia #1
Fallida la Transferencia #1
Pasada finalizada — Pass 122 — Completadas: none — Fallidas: 1
Arranca la Transferencia #1
Fallida la Transferencia #1
Pasada finalizada — Pass 123 — Completadas: none — Fallidas: 1
Arranca la Transferencia #1
Fallida la Transferencia #1
Pasada finalizada — Pass 124 — Completadas: none — Fallidas: 1
Arranca la Transferencia #1
Fallida la Transferencia #1
Pasada finalizada — Pass 125 — Completadas: none — Fallidas: 1
Arranca la Transferencia #1
Fallida la Transferencia #1
Pasada finalizada — Pass 126 — Completadas: none — Fallidas: 1
Arranca la Transferencia #1
Fallida la Transferencia #1
Pasada finalizada — Pass 127 — Completadas: none — Fallidas: 1
Arranca la Transferencia #1
Fallida la Transferencia #1
Pasada finalizada — Pass 128 — Completadas: none — Fallidas: 1
Arranca la Transferencia #1
Fallida la Transferencia #1
Pasada finalizada — Pass 129 — Completadas: none — Fallidas: 1
Arranca la Transferencia #1
Fallida la Transferencia #1
Pasada finalizada — Pass 130 — Completadas: none — Fallidas: 1
Arranca la Transferencia #1
Fallida la Transferencia #1
Pasada finalizada — Pass 131 — Completadas: none — Fallidas: 1
Arranca la Transferencia #1
Fallida la Transferencia #1
Pasada finalizada — Pass 132 — Completadas: none — Fallidas: 1
Arranca la Transferencia #1
Fallida la Transferencia #1
Pasada finalizada — Pass 133 — Completadas: none — Fallidas: 1
Arranca la Transferencia #1
Fallida la Transferencia #1
Pasada finalizada — Pass 134 — Completadas: none — Fallidas: 1
Arranca la Transferencia #1
Fallida la Transferencia #1
Pasada finalizada — Pass 135 — Completadas: none — Fallidas: 1
Arranca la Transferencia #1
Fallida la Transferencia #1
Pasada finalizada — Pass 136 — Completadas: none — Fallidas: 1
Arranca la Transferencia #1
Fallida la Transferencia #1
Pasada finalizada — Pass 137 — Completadas: none — Fallidas: 1
Arranca la Transferencia #1
Fallida la Transferencia #1
Pasada finalizada — Pass 138 — Completadas: none — Fallidas: 1
Arranca la Transferencia #1
Fallida la Transferencia #1
Pasada finalizada — Pass 139 — Completadas: none — Fallidas: 1
Arranca la Transferencia #1
Fallida la Transferencia #1
Pasada finalizada — Pass 140 — Completadas: none — Fallidas: 1
Arranca la Transferencia #1
Fallida la Transferencia #1
Pasada finalizada — Pass 141 — Completadas: none — Fallidas: 1
Arranca la Transferencia #1
Fallida la Transferencia #1
Pasada finalizada — Pass 142 — Completadas: none — Fallidas: 1
Arranca la Transferencia #1
Fallida la Transferencia #1
Pasada finalizada — Pass 143 — Completadas: none — Fallidas: 1
Arranca la Transferencia #1
Fallida la Transferencia #1
Pasada finalizada — Pass 144 — Completadas: none — Fallidas: 1
Arranca la Transferencia #1
Fallida la Transferencia #1
Pasada finalizada — Pass 145 — Completadas: none — Fallidas: 1
Arranca la Transferencia #1
Fallida la Transferencia #1
Pasada finalizada — Pass 146 — Completadas: none — Fallidas: 1
Arranca la Transferencia #1
Fallida la Transferencia #1
Pasada finalizada — Pass 147 — Completadas: none — Fallidas: 1
Arranca la Transferencia #1
Fallida la Transferencia #1
Pasada finalizada — Pass 148 — Completadas: none — Fallidas: 1
Arranca la Transferencia #1
Fallida la Transferencia #1
Pasada finalizada — Pass 149 — Completadas: none — Fallidas: 1
Arranca la Transferencia #1
Fallida la Transferencia #1
Pasada finalizada — Pass 150 — Completadas: none — Fallidas: 1
Arranca la Transferencia #1
Fallida la Transferencia #1
Pasada finalizada — Pass 151 — Completadas: none — Fallidas: 1
Arranca la Transferencia #1
Fallida la Transferencia #1
Pasada finalizada — Pass 152 — Completadas: none — Fallidas: 1
Arranca la Transferencia #1
Fallida la Transferencia #1
Pasada finalizada — Pass 153 — Completadas: none — Fallidas: 1
Arranca la Transferencia #1
Fallida la Transferencia #1
Pasada finalizada — Pass 154 — Completadas: none — Fallidas: 1
Arranca la Transferencia #1
Fallida la Transferencia #1
Pasada finalizada — Pass 155 — Completadas: none — Fallidas: 1
Arranca la Transferencia #1
Fallida la Transferencia #1
Pasada finalizada — Pass 156 — Completadas: none — Fallidas: 1
Arranca la Transferencia #1
Fallida la Transferencia #1
Pasada finalizada — Pass 157 — Completadas: none — Fallidas: 1
Arranca la Transferencia #1
Fallida la Transferencia #1
Pasada finalizada — Pass 158 — Completadas: none — Fallidas: 1
Arranca la Transferencia #1
Fallida la Transferencia #1
Pasada finalizada — Pass 159 — Completadas: none — Fallidas: 1
Arranca la Transferencia #1
Fallida la Transferencia #1
Pasada finalizada — Pass 160 — Completadas: none — Fallidas: 1
Arranca la Transferencia #1
Fallida la Transferencia #1
Pasada finalizada — Pass 161 — Completadas: none — Fallidas: 1
Arranca la Transferencia #1
Fallida la Transferencia #1
Pasada finalizada — Pass 162 — Completadas: none — Fallidas: 1
Arranca la Transferencia #1
Fallida la Transferencia #1
Pasada finalizada — Pass 163 — Completadas: none — Fallidas: 1
Arranca la Transferencia #1
Fallida la Transferencia #1
Pasada finalizada — Pass 164 — Completadas: none — Fallidas: 1
Arranca la Transferencia #1
Fallida la Transferencia #1
Pasada finalizada — Pass 165 — Completadas: none — Fallidas: 1
Arranca la Transferencia #1
Fallida la Transferencia #1
Pasada finalizada — Pass 166 — Completadas: none — Fallidas: 1
Arranca la Transferencia #1
Fallida la Transferencia #1
Pasada finalizada — Pass 167 — Completadas: none — Fallidas: 1
Arranca la Transferencia #1
Fallida la Transferencia #1
Pasada finalizada — Pass 168 — Completadas: none — Fallidas: 1
Arranca la Transferencia #1
Fallida la Transferencia #1
Pasada finalizada — Pass 169 — Completadas: none — Fallidas: 1
Arranca la Transferencia #1
Fallida la Transferencia #1
Pasada finalizada — Pass 170 — Completadas: none — Fallidas: 1
Arranca la Transferencia #1
Fallida la Transferencia #1
Pasada finalizada — Pass 171 — Completadas: none — Fallidas: 1
Arranca la Transferencia #1
Fallida la Transferencia #1
Pasada finalizada — Pass 172 — Completadas: none — Fallidas: 1
Arranca la Transferencia #1
Fallida la Transferencia #1
Pasada finalizada — Pass 173 — Completadas: none — Fallidas: 1
Arranca la Transferencia #1
Fallida la Transferencia #1
Pasada finalizada — Pass 174 — Completadas: none — Fallidas: 1
Arranca la Transferencia #1
Fallida la Transferencia #1
Pasada finalizada — Pass 175 — Completadas: none — Fallidas: 1
Arranca la Transferencia #1
Fallida la Transferencia #1
Pasada finalizada — Pass 176 — Completadas: none — Fallidas: 1
Arranca la Transferencia #1
Fallida la Transferencia #1
Pasada finalizada — Pass 177 — Completadas: none — Fallidas: 1
Arranca la Transferencia #1
Fallida la Transferencia #1
Pasada finalizada — Pass 178 — Completadas: none — Fallidas: 1
Arranca la Transferencia #1
Fallida la Transferencia #1
Pasada finalizada — Pass 179 — Completadas: none — Fallidas: 1
Arranca la Transferencia #1
Fallida la Transferencia #1
Pasada finalizada — Pass 180 — Completadas: none — Fallidas: 1
Arranca la Transferencia #1
Fallida la Transferencia #1
Pasada finalizada — Pass 181 — Completadas: none — Fallidas: 1
Arranca la Transferencia #1
Fallida la Transferencia #1
Pasada finalizada — Pass 182 — Completadas: none — Fallidas: 1
Arranca la Transferencia #1
Fallida la Transferencia #1
Pasada finalizada — Pass 183 — Completadas: none — Fallidas: 1
Arranca la Transferencia #1
Fallida la Transferencia #1
Pasada finalizada — Pass 184 — Completadas: none — Fallidas: 1
Arranca la Transferencia #1
Fallida la Transferencia #1
Pasada finalizada — Pass 185 — Completadas: none — Fallidas: 1
Arranca la Transferencia #1
Fallida la Transferencia #1
Pasada finalizada — Pass 186 — Completadas: none — Fallidas: 1
Arranca la Transferencia #1
Fallida la Transferencia #1
Pasada finalizada — Pass 187 — Completadas: none — Fallidas: 1
Arranca la Transferencia #1
Fallida la Transferencia #1
Pasada finalizada — Pass 188 — Completadas: none — Fallidas: 1
Arranca la Transferencia #1
Fallida la Transferencia #1
Pasada finalizada — Pass 189 — Completadas: none — Fallidas: 1
Arranca la Transferencia #1
Fallida la Transferencia #1
Pasada finalizada — Pass 190 — Completadas: none — Fallidas: 1
Arranca la Transferencia #1
Fallida la Transferencia #1
Pasada finalizada — Pass 191 — Completadas: none — Fallidas: 1
Arranca la Transferencia #1
Fallida la Transferencia #1
Pasada finalizada — Pass 192 — Completadas: none — Fallidas: 1
Arranca la Transferencia #1
Fallida la Transferencia #1
Pasada finalizada — Pass 193 — Completadas: none — Fallidas: 1
Arranca la Transferencia #1
Fallida la Transferencia #1
Pasada finalizada — Pass 194 — Completadas: none — Fallidas: 1
Arranca la Transferencia #1
Fallida la Transferencia #1
Pasada finalizada — Pass 195 — Completadas: none — Fallidas: 1
Arranca la Transferencia #1
Fallida la Transferencia #1
Pasada finalizada — Pass 196 — Completadas: none — Fallidas: 1
Arranca la Transferencia #1
Fallida la Transferencia #1
Pasada finalizada — Pass 197 — Completadas: none — Fallidas: 1
Arranca la Transferencia #1
Fallida la Transferencia #1
Pasada finalizada — Pass 198 — Completadas: none — Fallidas: 1
Arranca la Transferencia #1
Fallida la Transferencia #1
Pasada finalizada — Pass 199 — Completadas: none — Fallidas: 1
Arranca la Transferencia #1
Fallida la Transferencia #1
Pasada finalizada — Pass 200 — Completadas: none — Fallidas: 1
Arranca la Transferencia #1
Fallida la Transferencia #1
Pasada finalizada — Pass 201 — Completadas: none — Fallidas: 1
Arranca la Transferencia #1
Fallida la Transferencia #1
Pasada finalizada — Pass 202 — Completadas: none — Fallidas: 1
Arranca la Transferencia #1
Fallida la Transferencia #1
Pasada finalizada — Pass 203 — Completadas: none — Fallidas: 1
Arranca la Transferencia #1
Fallida la Transferencia #1
Pasada finalizada — Pass 204 — Completadas: none — Fallidas: 1
Arranca la Transferencia #1
Fallida la Transferencia #1
Pasada finalizada — Pass 205 — Completadas: none — Fallidas: 1
Arranca la Transferencia #1
Fallida la Transferencia #1
Pasada finalizada — Pass 206 — Completadas: none — Fallidas: 1
Arranca la Transferencia #1
Fallida la Transferencia #1
Pasada finalizada — Pass 207 — Completadas: none — Fallidas: 1
Arranca la Transferencia #1
Fallida la Transferencia #1
Pasada finalizada — Pass 208 — Completadas: none — Fallidas: 1
Arranca la Transferencia #1
Fallida la Transferencia #1
Pasada finalizada — Pass 209 — Completadas: none — Fallidas: 1
Arranca la Transferencia #1
Fallida la Transferencia #1
Pasada finalizada — Pass 210 — Completadas: none — Fallidas: 1
Arranca la Transferencia #1
Fallida la Transferencia #1
Pasada finalizada — Pass 211 — Completadas: none — Fallidas: 1
Arranca la Transferencia #1
Fallida la Transferencia #1
Pasada finalizada — Pass 212 — Completadas: none — Fallidas: 1
Arranca la Transferencia #1
Fallida la Transferencia #1
Pasada finalizada — Pass 213 — Completadas: none — Fallidas: 1
Arranca la Transferencia #1
Fallida la Transferencia #1
Pasada finalizada — Pass 214 — Completadas: none — Fallidas: 1
Arranca la Transferencia #1
Fallida la Transferencia #1
Pasada finalizada — Pass 215 — Completadas: none — Fallidas: 1
Arranca la Transferencia #1
Fallida la Transferencia #1
Pasada finalizada — Pass 216 — Completadas: none — Fallidas: 1
Arranca la Transferencia #1
Fallida la Transferencia #1
Pasada finalizada — Pass 217 — Completadas: none — Fallidas: 1
Arranca la Transferencia #1
Fallida la Transferencia #1
Pasada finalizada — Pass 218 — Completadas: none — Fallidas: 1
Arranca la Transferencia #1
Fallida la Transferencia #1
Pasada finalizada — Pass 219 — Completadas: none — Fallidas: 1
Arranca la Transferencia #1
Fallida la Transferencia #1
Pasada finalizada — Pass 220 — Completadas: none — Fallidas: 1
Arranca la Transferencia #1
Fallida la Transferencia #1
Pasada finalizada — Pass 221 — Completadas: none — Fallidas: 1
Arranca la Transferencia #1
Fallida la Transferencia #1
Pasada finalizada — Pass 222 — Completadas: none — Fallidas: 1
Arranca la Transferencia #1
Fallida la Transferencia #1
Pasada finalizada — Pass 223 — Completadas: none — Fallidas: 1
Arranca la Transferencia #1
Fallida la Transferencia #1
Pasada finalizada — Pass 224 — Completadas: none — Fallidas: 1
Arranca la Transferencia #1
Fallida la Transferencia #1
Pasada finalizada — Pass 225 — Completadas: none — Fallidas: 1
Arranca la Transferencia #1
Fallida la Transferencia #1
Pasada finalizada — Pass 226 — Completadas: none — Fallidas: 1
Arranca la Transferencia #1
Fallida la Transferencia #1
Pasada finalizada — Pass 227 — Completadas: none — Fallidas: 1
Arranca la Transferencia #1
Fallida la Transferencia #1
Pasada finalizada — Pass 228 — Completadas: none — Fallidas: 1
Arranca la Transferencia #1
Fallida la Transferencia #1
Pasada finalizada — Pass 229 — Completadas: none — Fallidas: 1
Arranca la Transferencia #1
Fallida la Transferencia #1
Pasada finalizada — Pass 230 — Completadas: none — Fallidas: 1
Arranca la Transferencia #1
Fallida la Transferencia #1
Pasada finalizada — Pass 231 — Completadas: none — Fallidas: 1
Arranca la Transferencia #1
Fallida la Transferencia #1
Pasada finalizada — Pass 232 — Completadas: none — Fallidas: 1
Arranca la Transferencia #1
Fallida la Transferencia #1
Pasada finalizada — Pass 233 — Completadas: none — Fallidas: 1
Arranca la Transferencia #1
Fallida la Transferencia #1
Pasada finalizada — Pass 234 — Completadas: none — Fallidas: 1
Arranca la Transferencia #1
Fallida la Transferencia #1
Pasada finalizada — Pass 235 — Completadas: none — Fallidas: 1
Arranca la Transferencia #1
Fallida la Transferencia #1
Pasada finalizada — Pass 236 — Completadas: none — Fallidas: 1
Arranca la Transferencia #1
Fallida la Transferencia #1
Pasada finalizada — Pass 237 — Completadas: none — Fallidas: 1
Arranca la Transferencia #1
Fallida la Transferencia #1
Pasada finalizada — Pass 238 — Completadas: none — Fallidas: 1
Arranca la Transferencia #1
Fallida la Transferencia #1
Pasada finalizada — Pass 239 — Completadas: none — Fallidas: 1
Arranca la Transferencia #1
Fallida la Transferencia #1
Pasada finalizada — Pass 240 — Completadas: none — Fallidas: 1
Arranca la Transferencia #1
Fallida la Transferencia #1
Pasada finalizada — Pass 241 — Completadas: none — Fallidas: 1
Arranca la Transferencia #1
Fallida la Transferencia #1
Pasada finalizada — Pass 242 — Completadas: none — Fallidas: 1
Arranca la Transferencia #1
Fallida la Transferencia #1
Pasada finalizada — Pass 243 — Completadas: none — Fallidas: 1
Arranca la Transferencia #1
Fallida la Transferencia #1
Pasada finalizada — Pass 244 — Completadas: none — Fallidas: 1
Arranca la Transferencia #1
Fallida la Transferencia #1
Pasada finalizada — Pass 245 — Completadas: none — Fallidas: 1
Arranca la Transferencia #1
Fallida la Transferencia #1
Pasada finalizada — Pass 246 — Completadas: none — Fallidas: 1
Arranca la Transferencia #1
Fallida la Transferencia #1
Pasada finalizada — Pass 247 — Completadas: none — Fallidas: 1
Arranca la Transferencia #1
Fallida la Transferencia #1
Pasada finalizada — Pass 248 — Completadas: none — Fallidas: 1
Arranca la Transferencia #1
Fallida la Transferencia #1
Pasada finalizada — Pass 249 — Completadas: none — Fallidas: 1
Arranca la Transferencia #1
Fallida la Transferencia #1
Pasada finalizada — Pass 250 — Completadas: none — Fallidas: 1
Arranca la Transferencia #1
Fallida la Transferencia #1
Pasada finalizada — Pass 251 — Completadas: none — Fallidas: 1
Arranca la Transferencia #1
Fallida la Transferencia #1
Pasada finalizada — Pass 252 — Completadas: none — Fallidas: 1
Arranca la Transferencia #1
Fallida la Transferencia #1
Pasada finalizada — Pass 253 — Completadas: none — Fallidas: 1
Arranca la Transferencia #1
Fallida la Transferencia #1
Pasada finalizada — Pass 254 — Completadas: none — Fallidas: 1
Arranca la Transferencia #1
Fallida la Transferencia #1
Pasada finalizada — Pass 255 — Completadas: none — Fallidas: 1
Arranca la Transferencia #1
Fallida la Transferencia #1
Pasada finalizada — Pass 256 — Completadas: none — Fallidas: 1
Arranca la Transferencia #1
Fallida la Transferencia #1
Pasada finalizada — Pass 257 — Completadas: none — Fallidas: 1
Arranca la Transferencia #1
Fallida la Transferencia #1
Pasada finalizada — Pass 258 — Completadas: none — Fallidas: 1
Arranca la Transferencia #1
Fallida la Transferencia #1
Pasada finalizada — Pass 259 — Completadas: none — Fallidas: 1
Arranca la Transferencia #1
Fallida la Transferencia #1
Pasada finalizada — Pass 260 — Completadas: none — Fallidas: 1
Arranca la Transferencia #1
Fallida la Transferencia #1
Pasada finalizada — Pass 261 — Completadas: none — Fallidas: 1
Arranca la Transferencia #1
Fallida la Transferencia #1
Pasada finalizada — Pass 262 — Completadas: none — Fallidas: 1
Arranca la Transferencia #1
Fallida la Transferencia #1
Pasada finalizada — Pass 263 — Completadas: none — Fallidas: 1
Arranca la Transferencia #1
Fallida la Transferencia #1
Pasada finalizada — Pass 264 — Completadas: none — Fallidas: 1
Arranca la Transferencia #1
Fallida la Transferencia #1
Pasada finalizada — Pass 265 — Completadas: none — Fallidas: 1
Arranca la Transferencia #1
Fallida la Transferencia #1
Pasada finalizada — Pass 266 — Completadas: none — Fallidas: 1
Arranca la Transferencia #1
Fallida la Transferencia #1
Pasada finalizada — Pass 267 — Completadas: none — Fallidas: 1
Arranca la Transferencia #1
Fallida la Transferencia #1
Pasada finalizada — Pass 268 — Completadas: none — Fallidas: 1
Arranca la Transferencia #1
Fallida la Transferencia #1
Pasada finalizada — Pass 269 — Completadas: none — Fallidas: 1
Arranca la Transferencia #1
Fallida la Transferencia #1
Pasada finalizada — Pass 270 — Completadas: none — Fallidas: 1
Arranca la Transferencia #1
Fallida la Transferencia #1
Pasada finalizada — Pass 271 — Completadas: none — Fallidas: 1
Arranca la Transferencia #1
Fallida la Transferencia #1
Pasada finalizada — Pass 272 — Completadas: none — Fallidas: 1
Arranca la Transferencia #1
Fallida la Transferencia #1
Pasada finalizada — Pass 273 — Completadas: none — Fallidas: 1
Arranca la Transferencia #1
Fallida la Transferencia #1
Pasada finalizada — Pass 274 — Completadas: none — Fallidas: 1
Arranca la Transferencia #1
Fallida la Transferencia #1
Pasada finalizada — Pass 275 — Completadas: none — Fallidas: 1
Arranca la Transferencia #1
Fallida la Transferencia #1
Pasada finalizada — Pass 276 — Completadas: none — Fallidas: 1
Arranca la Transferencia #1
Fallida la Transferencia #1
Pasada finalizada — Pass 277 — Completadas: none — Fallidas: 1
Arranca la Transferencia #1
Fallida la Transferencia #1
Pasada finalizada — Pass 278 — Completadas: none — Fallidas: 1
Arranca la Transferencia #1
Fallida la Transferencia #1
Pasada finalizada — Pass 279 — Completadas: none — Fallidas: 1
Arranca la Transferencia #1
Fallida la Transferencia #1
Pasada finalizada — Pass 280 — Completadas: none — Fallidas: 1
Arranca la Transferencia #1
Fallida la Transferencia #1
Pasada finalizada — Pass 281 — Completadas: none — Fallidas: 1
Arranca la Transferencia #1
Fallida la Transferencia #1
Pasada finalizada — Pass 282 — Completadas: none — Fallidas: 1
Arranca la Transferencia #1
Fallida la Transferencia #1
Pasada finalizada — Pass 283 — Completadas: none — Fallidas: 1
Arranca la Transferencia #1
Fallida la Transferencia #1
Pasada finalizada — Pass 284 — Completadas: none — Fallidas: 1
Arranca la Transferencia #1
Fallida la Transferencia #1
Pasada finalizada — Pass 285 — Completadas: none — Fallidas: 1
Arranca la Transferencia #1
Fallida la Transferencia #1
Pasada finalizada — Pass 286 — Completadas: none — Fallidas: 1
Arranca la Transferencia #1
Fallida la Transferencia #1
Pasada finalizada — Pass 287 — Completadas: none — Fallidas: 1
Arranca la Transferencia #1
Fallida la Transferencia #1
Pasada finalizada — Pass 288 — Completadas: none — Fallidas: 1
Arranca la Transferencia #1
Fallida la Transferencia #1
Pasada finalizada — Pass 289 — Completadas: none — Fallidas: 1
Arranca la Transferencia #1
Fallida la Transferencia #1
Pasada finalizada — Pass 290 — Completadas: none — Fallidas: 1
Arranca la Transferencia #1
Fallida la Transferencia #1
Pasada finalizada — Pass 291 — Completadas: none — Fallidas: 1
Arranca la Transferencia #1
Fallida la Transferencia #1
Pasada finalizada — Pass 292 — Completadas: none — Fallidas: 1
Arranca la Transferencia #1
Fallida la Transferencia #1
Pasada finalizada — Pass 293 — Completadas: none — Fallidas: 1
Arranca la Transferencia #1
Fallida la Transferencia #1
Pasada finalizada — Pass 294 — Completadas: none — Fallidas: 1
Arranca la Transferencia #1
Fallida la Transferencia #1
Pasada finalizada — Pass 295 — Completadas: none — Fallidas: 1
Arranca la Transferencia #1
Fallida la Transferencia #1
Pasada finalizada — Pass 296 — Completadas: none — Fallidas: 1
Arranca la Transferencia #1
Fallida la Transferencia #1
Pasada finalizada — Pass 297 — Completadas: none — Fallidas: 1
Arranca la Transferencia #1
Fallida la Transferencia #1
Pasada finalizada — Pass 298 — Completadas: none — Fallidas: 1
Arranca la Transferencia #1
Fallida la Transferencia #1
Pasada finalizada — Pass 299 — Completadas: none — Fallidas: 1
Arranca la Transferencia #1
Fallida la Transferencia #1
Pasada finalizada — Pass 300 — Completadas: none — Fallidas: 1
Arranca la Transferencia #1
Fallida la Transferencia #1
Pasada finalizada — Pass 301 — Completadas: none — Fallidas: 1
Arranca la Transferencia #1
Fallida la Transferencia #1
Pasada finalizada — Pass 302 — Completadas: none — Fallidas: 1
Arranca la Transferencia #1
Fallida la Transferencia #1
Pasada finalizada — Pass 303 — Completadas: none — Fallidas: 1
Arranca la Transferencia #1
Fallida la Transferencia #1
Pasada finalizada — Pass 304 — Completadas: none — Fallidas: 1
Arranca la Transferencia #1
Fallida la Transferencia #1
Pasada finalizada — Pass 305 — Completadas: none — Fallidas: 1
Arranca la Transferencia #1
Fallida la Transferencia #1
Pasada finalizada — Pass 306 — Completadas: none — Fallidas: 1
Arranca la Transferencia #1
Fallida la Transferencia #1
Pasada finalizada — Pass 307 — Completadas: none — Fallidas: 1
Arranca la Transferencia #1
Fallida la Transferencia #1
Pasada finalizada — Pass 308 — Completadas: none — Fallidas: 1
Arranca la Transferencia #1
Fallida la Transferencia #1
Pasada finalizada — Pass 309 — Completadas: none — Fallidas: 1
Arranca la Transferencia #1
Fallida la Transferencia #1
Pasada finalizada — Pass 310 — Completadas: none — Fallidas: 1
Arranca la Transferencia #1
Fallida la Transferencia #1
Pasada finalizada — Pass 311 — Completadas: none — Fallidas: 1
Arranca la Transferencia #1
Fallida la Transferencia #1
Pasada finalizada — Pass 312 — Completadas: none — Fallidas: 1
Arranca la Transferencia #1
Fallida la Transferencia #1
Pasada finalizada — Pass 313 — Completadas: none — Fallidas: 1
Arranca la Transferencia #1
Fallida la Transferencia #1
Pasada finalizada — Pass 314 — Completadas: none — Fallidas: 1
Arranca la Transferencia #1
Fallida la Transferencia #1
Pasada finalizada — Pass 315 — Completadas: none — Fallidas: 1
Arranca la Transferencia #1
Fallida la Transferencia #1
Pasada finalizada — Pass 316 — Completadas: none — Fallidas: 1
Arranca la Transferencia #1
Fallida la Transferencia #1
Pasada finalizada — Pass 317 — Completadas: none — Fallidas: 1
Arranca la Transferencia #1
Fallida la Transferencia #1
Pasada finalizada — Pass 318 — Completadas: none — Fallidas: 1
Arranca la Transferencia #1
Fallida la Transferencia #1
Pasada finalizada — Pass 319 — Completadas: none — Fallidas: 1
Arranca la Transferencia #1
Fallida la Transferencia #1
Pasada finalizada — Pass 320 — Completadas: none — Fallidas: 1
Arranca la Transferencia #1
Fallida la Transferencia #1
Pasada finalizada — Pass 321 — Completadas: none — Fallidas: 1
Arranca la Transferencia #1
Fallida la Transferencia #1
Pasada finalizada — Pass 322 — Completadas: none — Fallidas: 1
Arranca la Transferencia #1
Fallida la Transferencia #1
Pasada finalizada — Pass 323 — Completadas: none — Fallidas: 1
Arranca la Transferencia #1
Fallida la Transferencia #1
Pasada finalizada — Pass 324 — Completadas: none — Fallidas: 1
Arranca la Transferencia #1
Fallida la Transferencia #1
Pasada finalizada — Pass 325 — Completadas: none — Fallidas: 1
Arranca la Transferencia #1
Fallida la Transferencia #1
Pasada finalizada — Pass 326 — Completadas: none — Fallidas: 1
Arranca la Transferencia #1
Fallida la Transferencia #1
Pasada finalizada — Pass 327 — Completadas: none — Fallidas: 1
Arranca la Transferencia #1
Fallida la Transferencia #1
Pasada finalizada — Pass 328 — Completadas: none — Fallidas: 1
Arranca la Transferencia #1
Fallida la Transferencia #1
Pasada finalizada — Pass 329 — Completadas: none — Fallidas: 1
Arranca la Transferencia #1
Fallida la Transferencia #1
Pasada finalizada — Pass 330 — Completadas: none — Fallidas: 1
Arranca la Transferencia #1
Fallida la Transferencia #1
Pasada finalizada — Pass 331 — Completadas: none — Fallidas: 1
Arranca la Transferencia #1
Fallida la Transferencia #1
Pasada finalizada — Pass 332 — Completadas: none — Fallidas: 1
Arranca la Transferencia #1
Fallida la Transferencia #1
Pasada finalizada — Pass 333 — Completadas: none — Fallidas: 1
Arranca la Transferencia #1
Fallida la Transferencia #1
Pasada finalizada — Pass 334 — Completadas: none — Fallidas: 1
Arranca la Transferencia #1
Fallida la Transferencia #1
Pasada finalizada — Pass 335 — Completadas: none — Fallidas: 1
Arranca la Transferencia #1
Fallida la Transferencia #1
Pasada finalizada — Pass 336 — Completadas: none — Fallidas: 1
Arranca la Transferencia #1
Fallida la Transferencia #1
Pasada finalizada — Pass 337 — Completadas: none — Fallidas: 1
Arranca la Transferencia #1
Fallida la Transferencia #1
Pasada finalizada — Pass 338 — Completadas: none — Fallidas: 1
Arranca la Transferencia #1
Fallida la Transferencia #1
Pasada finalizada — Pass 339 — Completadas: none — Fallidas: 1
Arranca la Transferencia #1
Fallida la Transferencia #1
Pasada finalizada — Pass 340 — Completadas: none — Fallidas: 1
Arranca la Transferencia #1
Fallida la Transferencia #1
Pasada finalizada — Pass 341 — Completadas: none — Fallidas: 1
Arranca la Transferencia #1
Fallida la Transferencia #1
Pasada finalizada — Pass 342 — Completadas: none — Fallidas: 1
Arranca la Transferencia #1
Fallida la Transferencia #1
Pasada finalizada — Pass 343 — Completadas: none — Fallidas: 1
Arranca la Transferencia #1
Fallida la Transferencia #1
Pasada finalizada — Pass 344 — Completadas: none — Fallidas: 1
Arranca la Transferencia #1
Fallida la Transferencia #1
Pasada finalizada — Pass 345 — Completadas: none — Fallidas: 1
Arranca la Transferencia #1
Fallida la Transferencia #1
Pasada finalizada — Pass 346 — Completadas: none — Fallidas: 1
Arranca la Transferencia #1
Fallida la Transferencia #1
Pasada finalizada — Pass 347 — Completadas: none — Fallidas: 1
Arranca la Transferencia #1
Fallida la Transferencia #1
Pasada finalizada — Pass 348 — Completadas: none — Fallidas: 1
Arranca la Transferencia #1
Fallida la Transferencia #1
Pasada finalizada — Pass 349 — Completadas: none — Fallidas: 1
Arranca la Transferencia #1
Fallida la Transferencia #1
Pasada finalizada — Pass 350 — Completadas: none — Fallidas: 1
Arranca la Transferencia #1
Fallida la Transferencia #1
Pasada finalizada — Pass 351 — Completadas: none — Fallidas: 1
Arranca la Transferencia #1
Fallida la Transferencia #1
Pasada finalizada — Pass 352 — Completadas: none — Fallidas: 1
Arranca la Transferencia #1
Fallida la Transferencia #1
Pasada finalizada — Pass 353 — Completadas: none — Fallidas: 1
Arranca la Transferencia #1
Fallida la Transferencia #1
Pasada finalizada — Pass 354 — Completadas: none — Fallidas: 1
Arranca la Transferencia #1
Fallida la Transferencia #1
Pasada finalizada — Pass 355 — Completadas: none — Fallidas: 1
Arranca la Transferencia #1
Fallida la Transferencia #1
Pasada finalizada — Pass 356 — Completadas: none — Fallidas: 1
Arranca la Transferencia #1
Fallida la Transferencia #1
Pasada finalizada — Pass 357 — Completadas: none — Fallidas: 1
Arranca la Transferencia #1
Fallida la Transferencia #1
Pasada finalizada — Pass 358 — Completadas: none — Fallidas: 1
Arranca la Transferencia #1
Fallida la Transferencia #1
Pasada finalizada — Pass 359 — Completadas: none — Fallidas: 1
Arranca la Transferencia #1
Fallida la Transferencia #1
Pasada finalizada — Pass 360 — Completadas: none — Fallidas: 1
Arranca la Transferencia #1
Fallida la Transferencia #1
Pasada finalizada — Pass 361 — Completadas: none — Fallidas: 1
Arranca la Transferencia #1
Fallida la Transferencia #1
Pasada finalizada — Pass 362 — Completadas: none — Fallidas: 1
Arranca la Transferencia #1
Fallida la Transferencia #1
Pasada finalizada — Pass 363 — Completadas: none — Fallidas: 1
Arranca la Transferencia #1
Fallida la Transferencia #1
Pasada finalizada — Pass 364 — Completadas: none — Fallidas: 1
Arranca la Transferencia #1
Fallida la Transferencia #1
Pasada finalizada — Pass 365 — Completadas: none — Fallidas: 1
Arranca la Transferencia #1
Fallida la Transferencia #1
Pasada finalizada — Pass 366 — Completadas: none — Fallidas: 1
Arranca la Transferencia #1
Fallida la Transferencia #1
Pasada finalizada — Pass 367 — Completadas: none — Fallidas: 1
Arranca la Transferencia #1
Fallida la Transferencia #1
Pasada finalizada — Pass 368 — Completadas: none — Fallidas: 1
Arranca la Transferencia #1
Fallida la Transferencia #1
Pasada finalizada — Pass 369 — Completadas: none — Fallidas: 1
Arranca la Transferencia #1
Fallida la Transferencia #1
Pasada finalizada — Pass 370 — Completadas: none — Fallidas: 1
Arranca la Transferencia #1
Fallida la Transferencia #1
Pasada finalizada — Pass 371 — Completadas: none — Fallidas: 1
Arranca la Transferencia #1
Fallida la Transferencia #1
Pasada finalizada — Pass 372 — Completadas: none — Fallidas: 1
Arranca la Transferencia #1
Fallida la Transferencia #1
Pasada finalizada — Pass 373 — Completadas: none — Fallidas: 1
Arranca la Transferencia #1
Fallida la Transferencia #1
Pasada finalizada — Pass 374 — Completadas: none — Fallidas: 1
Arranca la Transferencia #1
Fallida la Transferencia #1
Pasada finalizada — Pass 375 — Completadas: none — Fallidas: 1
Arranca la Transferencia #1
Fallida la Transferencia #1
Pasada finalizada — Pass 376 — Completadas: none — Fallidas: 1
Arranca la Transferencia #1
Fallida la Transferencia #1
Pasada finalizada — Pass 377 — Completadas: none — Fallidas: 1
Arranca la Transferencia #1
Fallida la Transferencia #1
Pasada finalizada — Pass 378 — Completadas: none — Fallidas: 1
Arranca la Transferencia #1
Fallida la Transferencia #1
Pasada finalizada — Pass 379 — Completadas: none — Fallidas: 1
Arranca la Transferencia #1
Fallida la Transferencia #1
Pasada finalizada — Pass 380 — Completadas: none — Fallidas: 1
Arranca la Transferencia #1
Fallida la Transferencia #1
Pasada finalizada — Pass 381 — Completadas: none — Fallidas: 1
Arranca la Transferencia #1
Fallida la Transferencia #1
Pasada finalizada — Pass 382 — Completadas: none — Fallidas: 1
Arranca la Transferencia #1
Fallida la Transferencia #1
Pasada finalizada — Pass 383 — Completadas: none — Fallidas: 1
Arranca la Transferencia #1
Fallida la Transferencia #1
Pasada finalizada — Pass 384 — Completadas: none — Fallidas: 1
Arranca la Transferencia #1
Fallida la Transferencia #1
Pasada finalizada — Pass 385 — Completadas: none — Fallidas: 1
Arranca la Transferencia #1
Fallida la Transferencia #1
Pasada finalizada — Pass 386 — Completadas: none — Fallidas: 1
Arranca la Transferencia #1
Fallida la Transferencia #1
Pasada finalizada — Pass 387 — Completadas: none — Fallidas: 1
Arranca la Transferencia #1
Fallida la Transferencia #1
Pasada finalizada — Pass 388 — Completadas: none — Fallidas: 1
Arranca la Transferencia #1
Fallida la Transferencia #1
Pasada finalizada — Pass 389 — Completadas: none — Fallidas: 1
Arranca la Transferencia #1
Fallida la Transferencia #1
Pasada finalizada — Pass 390 — Completadas: none — Fallidas: 1
Arranca la Transferencia #1
Fallida la Transferencia #1
Pasada finalizada — Pass 391 — Completadas: none — Fallidas: 1
Arranca la Transferencia #1
Fallida la Transferencia #1
Pasada finalizada — Pass 392 — Completadas: none — Fallidas: 1
Arranca la Transferencia #1
Fallida la Transferencia #1
Pasada finalizada — Pass 393 — Completadas: none — Fallidas: 1
Arranca la Transferencia #1
Fallida la Transferencia #1
Pasada finalizada — Pass 394 — Completadas: none — Fallidas: 1
Arranca la Transferencia #1
Fallida la Transferencia #1
Pasada finalizada — Pass 395 — Completadas: none — Fallidas: 1
Arranca la Transferencia #1
Fallida la Transferencia #1
Pasada finalizada — Pass 396 — Completadas: none — Fallidas: 1
Arranca la Transferencia #1
Fallida la Transferencia #1
Pasada finalizada — Pass 397 — Completadas: none — Fallidas: 1
Arranca la Transferencia #1
Fallida la Transferencia #1
Pasada finalizada — Pass 398 — Completadas: none — Fallidas: 1
Arranca la Transferencia #1
Fallida la Transferencia #1
Pasada finalizada — Pass 399 — Completadas: none — Fallidas: 1
Arranca la Transferencia #1
Fallida la Transferencia #1
Pasada finalizada — Pass 400 — Completadas: none — Fallidas: 1
Arranca la Transferencia #1
Fallida la Transferencia #1
Pasada finalizada — Pass 401 — Completadas: none — Fallidas: 1
Arranca la Transferencia #1
Fallida la Transferencia #1
Pasada finalizada — Pass 402 — Completadas: none — Fallidas: 1
Arranca la Transferencia #1
Fallida la Transferencia #1
Pasada finalizada — Pass 403 — Completadas: none — Fallidas: 1
Arranca la Transferencia #1
Fallida la Transferencia #1
Pasada finalizada — Pass 404 — Completadas: none — Fallidas: 1
Arranca la Transferencia #1
Fallida la Transferencia #1
Pasada finalizada — Pass 405 — Completadas: none — Fallidas: 1
Arranca la Transferencia #1
Fallida la Transferencia #1
Pasada finalizada — Pass 406 — Completadas: none — Fallidas: 1
Arranca la Transferencia #1
Fallida la Transferencia #1
Pasada finalizada — Pass 407 — Completadas: none — Fallidas: 1
Arranca la Transferencia #1
Fallida la Transferencia #1
Pasada finalizada — Pass 408 — Completadas: none — Fallidas: 1
Arranca la Transferencia #1
Fallida la Transferencia #1
Pasada finalizada — Pass 409 — Completadas: none — Fallidas: 1
Arranca la Transferencia #1
Fallida la Transferencia #1
Pasada finalizada — Pass 410 — Completadas: none — Fallidas: 1
Arranca la Transferencia #1
Fallida la Transferencia #1
Pasada finalizada — Pass 411 — Completadas: none — Fallidas: 1
Arranca la Transferencia #1
Fallida la Transferencia #1
Pasada finalizada — Pass 412 — Completadas: none — Fallidas: 1
Arranca la Transferencia #1
Fallida la Transferencia #1
Pasada finalizada — Pass 413 — Completadas: none — Fallidas: 1
Arranca la Transferencia #1
Fallida la Transferencia #1
Pasada finalizada — Pass 414 — Completadas: none — Fallidas: 1
Arranca la Transferencia #1
Fallida la Transferencia #1
Pasada finalizada — Pass 415 — Completadas: none — Fallidas: 1
Arranca la Transferencia #1
Fallida la Transferencia #1
Pasada finalizada — Pass 416 — Completadas: none — Fallidas: 1
Arranca la Transferencia #1
Fallida la Transferencia #1
Pasada finalizada — Pass 417 — Completadas: none — Fallidas: 1
Arranca la Transferencia #1
Fallida la Transferencia #1
Pasada finalizada — Pass 418 — Completadas: none — Fallidas: 1
Arranca la Transferencia #1
Fallida la Transferencia #1
Pasada finalizada — Pass 419 — Completadas: none — Fallidas: 1
Arranca la Transferencia #1
Fallida la Transferencia #1
Pasada finalizada — Pass 420 — Completadas: none — Fallidas: 1
Arranca la Transferencia #1
Fallida la Transferencia #1
Pasada finalizada — Pass 421 — Completadas: none — Fallidas: 1
Arranca la Transferencia #1
Fallida la Transferencia #1
Pasada finalizada — Pass 422 — Completadas: none — Fallidas: 1
Arranca la Transferencia #1
Fallida la Transferencia #1
Pasada finalizada — Pass 423 — Completadas: none — Fallidas: 1
Arranca la Transferencia #1
Fallida la Transferencia #1
Pasada finalizada — Pass 424 — Completadas: none — Fallidas: 1
Arranca la Transferencia #1
Fallida la Transferencia #1
Pasada finalizada — Pass 425 — Completadas: none — Fallidas: 1
Arranca la Transferencia #1
Fallida la Transferencia #1
Pasada finalizada — Pass 426 — Completadas: none — Fallidas: 1
Arranca la Transferencia #1
Fallida la Transferencia #1
Pasada finalizada — Pass 427 — Completadas: none — Fallidas: 1
Arranca la Transferencia #1
Fallida la Transferencia #1
Pasada finalizada — Pass 428 — Completadas: none — Fallidas: 1
Arranca la Transferencia #1
Fallida la Transferencia #1
Pasada finalizada — Pass 429 — Completadas: none — Fallidas: 1
Arranca la Transferencia #1
Fallida la Transferencia #1
Pasada finalizada — Pass 430 — Completadas: none — Fallidas: 1
Arranca la Transferencia #1
Fallida la Transferencia #1
Pasada finalizada — Pass 431 — Completadas: none — Fallidas: 1
Arranca la Transferencia #1
Fallida la Transferencia #1
Pasada finalizada — Pass 432 — Completadas: none — Fallidas: 1
Arranca la Transferencia #1
Fallida la Transferencia #1
Pasada finalizada — Pass 433 — Completadas: none — Fallidas: 1
Arranca la Transferencia #1
Fallida la Transferencia #1
Pasada finalizada — Pass 434 — Completadas: none — Fallidas: 1
Arranca la Transferencia #1
Fallida la Transferencia #1
Pasada finalizada — Pass 435 — Completadas: none — Fallidas: 1
Arranca la Transferencia #1
Fallida la Transferencia #1
Pasada finalizada — Pass 436 — Completadas: none — Fallidas: 1
Arranca la Transferencia #1
Fallida la Transferencia #1
Pasada finalizada — Pass 437 — Completadas: none — Fallidas: 1
Arranca la Transferencia #1
Fallida la Transferencia #1
Pasada finalizada — Pass 438 — Completadas: none — Fallidas: 1
Arranca la Transferencia #1
Fallida la Transferencia #1
Pasada finalizada — Pass 439 — Completadas: none — Fallidas: 1
Arranca la Transferencia #1
Fallida la Transferencia #1
Pasada finalizada — Pass 440 — Completadas: none — Fallidas: 1
Arranca la Transferencia #1
Fallida la Transferencia #1
Pasada finalizada — Pass 441 — Completadas: none — Fallidas: 1
Arranca la Transferencia #1
Fallida la Transferencia #1
Pasada finalizada — Pass 442 — Completadas: none — Fallidas: 1
Arranca la Transferencia #1
Fallida la Transferencia #1
Pasada finalizada — Pass 443 — Completadas: none — Fallidas: 1
Arranca la Transferencia #1
Fallida la Transferencia #1
Pasada finalizada — Pass 444 — Completadas: none — Fallidas: 1
Arranca la Transferencia #1
Fallida la Transferencia #1
Pasada finalizada — Pass 445 — Completadas: none — Fallidas: 1
Arranca la Transferencia #1
Fallida la Transferencia #1
Pasada finalizada — Pass 446 — Completadas: none — Fallidas: 1
Arranca la Transferencia #1
Fallida la Transferencia #1
Pasada finalizada — Pass 447 — Completadas: none — Fallidas: 1
Arranca la Transferencia #1
Fallida la Transferencia #1
Pasada finalizada — Pass 448 — Completadas: none — Fallidas: 1
Arranca la Transferencia #1
Fallida la Transferencia #1
Pasada finalizada — Pass 449 — Completadas: none — Fallidas: 1
Arranca la Transferencia #1
Fallida la Transferencia #1
Pasada finalizada — Pass 450 — Completadas: none — Fallidas: 1
Arranca la Transferencia #1
Fallida la Transferencia #1
Pasada finalizada — Pass 451 — Completadas: none — Fallidas: 1
Arranca la Transferencia #1
Fallida la Transferencia #1
Pasada finalizada — Pass 452 — Completadas: none — Fallidas: 1
Arranca la Transferencia #1
Fallida la Transferencia #1
Pasada finalizada — Pass 453 — Completadas: none — Fallidas: 1
Arranca la Transferencia #1
Fallida la Transferencia #1
Pasada finalizada — Pass 454 — Completadas: none — Fallidas: 1
Arranca la Transferencia #1
Fallida la Transferencia #1
Pasada finalizada — Pass 455 — Completadas: none — Fallidas: 1
Arranca la Transferencia #1
Fallida la Transferencia #1
Pasada finalizada — Pass 456 — Completadas: none — Fallidas: 1
Arranca la Transferencia #1
Fallida la Transferencia #1
Pasada finalizada — Pass 457 — Completadas: none — Fallidas: 1
Arranca la Transferencia #1
Fallida la Transferencia #1
Pasada finalizada — Pass 458 — Completadas: none — Fallidas: 1
Arranca la Transferencia #1
Fallida la Transferencia #1
Pasada finalizada — Pass 459 — Completadas: none — Fallidas: 1
Arranca la Transferencia #1
Fallida la Transferencia #1
Pasada finalizada — Pass 460 — Completadas: none — Fallidas: 1
Arranca la Transferencia #1
Fallida la Transferencia #1
Pasada finalizada — Pass 461 — Completadas: none — Fallidas: 1
Arranca la Transferencia #1
Fallida la Transferencia #1
Pasada finalizada — Pass 462 — Completadas: none — Fallidas: 1
Arranca la Transferencia #1
Fallida la Transferencia #1
