TRANSFE_START:1
ERROR al crear ChromeDriver: WebDriverException()
TRANSFE_FAILED:1
Exception ignored in: <function Service.__del__ at 0x101397100>
Traceback (most recent call last):
  File "/Users/brianswitach/lohas/venv/lib/python3.13/site-packages/selenium/webdriver/common/service.py", line 196, in __del__
    self.stop()
  File "/Users/brianswitach/lohas/venv/lib/python3.13/site-packages/selenium/webdriver/common/service.py", line 156, in stop
    self._terminate_process()
  File "/Users/brianswitach/lohas/venv/lib/python3.13/site-packages/selenium/webdriver/common/service.py", line 179, in _terminate_process
    self.process.wait(60)
  File "/opt/homebrew/Cellar/python@3.13/3.13.2/Frameworks/Python.framework/Versions/3.13/lib/python3.13/subprocess.py", line 1276, in wait
    return self._wait(timeout=timeout)
  File "/opt/homebrew/Cellar/python@3.13/3.13.2/Frameworks/Python.framework/Versions/3.13/lib/python3.13/subprocess.py", line 2062, in _wait
    time.sleep(delay)
KeyboardInterrupt: 
PASADA_FINALIZADA:Pass 1 — Completadas: none — Fallidas: 1
TRANSFE_START:1
ERROR al crear ChromeDriver: WebDriverException()
TRANSFE_FAILED:1
Service process refused to terminate gracefully with SIGTERM, escalating to SIGKILL.
Traceback (most recent call last):
  File "/Users/brianswitach/lohas/venv/lib/python3.13/site-packages/selenium/webdriver/common/service.py", line 179, in _terminate_process
    self.process.wait(60)
    ~~~~~~~~~~~~~~~~~^^^^
  File "/opt/homebrew/Cellar/python@3.13/3.13.2/Frameworks/Python.framework/Versions/3.13/lib/python3.13/subprocess.py", line 1276, in wait
    return self._wait(timeout=timeout)
           ~~~~~~~~~~^^^^^^^^^^^^^^^^^
  File "/opt/homebrew/Cellar/python@3.13/3.13.2/Frameworks/Python.framework/Versions/3.13/lib/python3.13/subprocess.py", line 2060, in _wait
    raise TimeoutExpired(self.args, timeout)
subprocess.TimeoutExpired: Command '['/Users/brianswitach/.wdm/drivers/chromedriver/mac64/140.0.7339.207/chromedriver-mac-arm64/chromedriver', '--port=53298']' timed out after 60 seconds
PASADA_FINALIZADA:Pass 2 — Completadas: none — Fallidas: 1
TRANSFE_START:1
ERROR al crear ChromeDriver: WebDriverException()
TRANSFE_FAILED:1
Service process refused to terminate gracefully with SIGTERM, escalating to SIGKILL.
Traceback (most recent call last):
  File "/Users/brianswitach/lohas/venv/lib/python3.13/site-packages/selenium/webdriver/common/service.py", line 179, in _terminate_process
    self.process.wait(60)
    ~~~~~~~~~~~~~~~~~^^^^
  File "/opt/homebrew/Cellar/python@3.13/3.13.2/Frameworks/Python.framework/Versions/3.13/lib/python3.13/subprocess.py", line 1276, in wait
    return self._wait(timeout=timeout)
           ~~~~~~~~~~^^^^^^^^^^^^^^^^^
  File "/opt/homebrew/Cellar/python@3.13/3.13.2/Frameworks/Python.framework/Versions/3.13/lib/python3.13/subprocess.py", line 2060, in _wait
    raise TimeoutExpired(self.args, timeout)
subprocess.TimeoutExpired: Command '['/Users/brianswitach/.wdm/drivers/chromedriver/mac64/140.0.7339.207/chromedriver-mac-arm64/chromedriver', '--port=54409']' timed out after 60 seconds
PASADA_FINALIZADA:Pass 3 — Completadas: none — Fallidas: 1
TRANSFE_START:1
ERROR al crear ChromeDriver: WebDriverException()
TRANSFE_FAILED:1
Service process refused to terminate gracefully with SIGTERM, escalating to SIGKILL.
Traceback (most recent call last):
  File "/Users/brianswitach/lohas/venv/lib/python3.13/site-packages/selenium/webdriver/common/service.py", line 179, in _terminate_process
    self.process.wait(60)
    ~~~~~~~~~~~~~~~~~^^^^
  File "/opt/homebrew/Cellar/python@3.13/3.13.2/Frameworks/Python.framework/Versions/3.13/lib/python3.13/subprocess.py", line 1276, in wait
    return self._wait(timeout=timeout)
           ~~~~~~~~~~^^^^^^^^^^^^^^^^^
  File "/opt/homebrew/Cellar/python@3.13/3.13.2/Frameworks/Python.framework/Versions/3.13/lib/python3.13/subprocess.py", line 2060, in _wait
    raise TimeoutExpired(self.args, timeout)
subprocess.TimeoutExpired: Command '['/Users/brianswitach/.wdm/drivers/chromedriver/mac64/140.0.7339.207/chromedriver-mac-arm64/chromedriver', '--port=55646']' timed out after 60 seconds
PASADA_FINALIZADA:Pass 4 — Completadas: none — Fallidas: 1
TRANSFE_START:1
ERROR al crear ChromeDriver: WebDriverException()
TRANSFE_FAILED:1
Service process refused to terminate gracefully with SIGTERM, escalating to SIGKILL.
Traceback (most recent call last):
  File "/Users/brianswitach/lohas/venv/lib/python3.13/site-packages/selenium/webdriver/common/service.py", line 179, in _terminate_process
    self.process.wait(60)
    ~~~~~~~~~~~~~~~~~^^^^
  File "/opt/homebrew/Cellar/python@3.13/3.13.2/Frameworks/Python.framework/Versions/3.13/lib/python3.13/subprocess.py", line 1276, in wait
    return self._wait(timeout=timeout)
           ~~~~~~~~~~^^^^^^^^^^^^^^^^^
  File "/opt/homebrew/Cellar/python@3.13/3.13.2/Frameworks/Python.framework/Versions/3.13/lib/python3.13/subprocess.py", line 2060, in _wait
    raise TimeoutExpired(self.args, timeout)
subprocess.TimeoutExpired: Command '['/Users/brianswitach/.wdm/drivers/chromedriver/mac64/140.0.7339.207/chromedriver-mac-arm64/chromedriver', '--port=56810']' timed out after 60 seconds
PASADA_FINALIZADA:Pass 5 — Completadas: none — Fallidas: 1
TRANSFE_START:1
ERROR al crear ChromeDriver: WebDriverException()
TRANSFE_FAILED:1
Service process refused to terminate gracefully with SIGTERM, escalating to SIGKILL.
Traceback (most recent call last):
  File "/Users/brianswitach/lohas/venv/lib/python3.13/site-packages/selenium/webdriver/common/service.py", line 179, in _terminate_process
    self.process.wait(60)
    ~~~~~~~~~~~~~~~~~^^^^
  File "/opt/homebrew/Cellar/python@3.13/3.13.2/Frameworks/Python.framework/Versions/3.13/lib/python3.13/subprocess.py", line 1276, in wait
    return self._wait(timeout=timeout)
           ~~~~~~~~~~^^^^^^^^^^^^^^^^^
  File "/opt/homebrew/Cellar/python@3.13/3.13.2/Frameworks/Python.framework/Versions/3.13/lib/python3.13/subprocess.py", line 2060, in _wait
    raise TimeoutExpired(self.args, timeout)
subprocess.TimeoutExpired: Command '['/Users/brianswitach/.wdm/drivers/chromedriver/mac64/140.0.7339.207/chromedriver-mac-arm64/chromedriver', '--port=58024']' timed out after 60 seconds
PASADA_FINALIZADA:Pass 6 — Completadas: none — Fallidas: 1
TRANSFE_START:1
ERROR al crear ChromeDriver: WebDriverException()
TRANSFE_FAILED:1
Service process refused to terminate gracefully with SIGTERM, escalating to SIGKILL.
Traceback (most recent call last):
  File "/Users/brianswitach/lohas/venv/lib/python3.13/site-packages/selenium/webdriver/common/service.py", line 179, in _terminate_process
    self.process.wait(60)
    ~~~~~~~~~~~~~~~~~^^^^
  File "/opt/homebrew/Cellar/python@3.13/3.13.2/Frameworks/Python.framework/Versions/3.13/lib/python3.13/subprocess.py", line 1276, in wait
    return self._wait(timeout=timeout)
           ~~~~~~~~~~^^^^^^^^^^^^^^^^^
  File "/opt/homebrew/Cellar/python@3.13/3.13.2/Frameworks/Python.framework/Versions/3.13/lib/python3.13/subprocess.py", line 2060, in _wait
    raise TimeoutExpired(self.args, timeout)
subprocess.TimeoutExpired: Command '['/Users/brianswitach/.wdm/drivers/chromedriver/mac64/140.0.7339.207/chromedriver-mac-arm64/chromedriver', '--port=59204']' timed out after 60 seconds
PASADA_FINALIZADA:Pass 7 — Completadas: none — Fallidas: 1
TRANSFE_START:1
ERROR al crear ChromeDriver: WebDriverException()
TRANSFE_FAILED:1
Service process refused to terminate gracefully with SIGTERM, escalating to SIGKILL.
Traceback (most recent call last):
  File "/Users/brianswitach/lohas/venv/lib/python3.13/site-packages/selenium/webdriver/common/service.py", line 179, in _terminate_process
    self.process.wait(60)
    ~~~~~~~~~~~~~~~~~^^^^
  File "/opt/homebrew/Cellar/python@3.13/3.13.2/Frameworks/Python.framework/Versions/3.13/lib/python3.13/subprocess.py", line 1276, in wait
    return self._wait(timeout=timeout)
           ~~~~~~~~~~^^^^^^^^^^^^^^^^^
  File "/opt/homebrew/Cellar/python@3.13/3.13.2/Frameworks/Python.framework/Versions/3.13/lib/python3.13/subprocess.py", line 2060, in _wait
    raise TimeoutExpired(self.args, timeout)
subprocess.TimeoutExpired: Command '['/Users/brianswitach/.wdm/drivers/chromedriver/mac64/140.0.7339.207/chromedriver-mac-arm64/chromedriver', '--port=60394']' timed out after 60 seconds
PASADA_FINALIZADA:Pass 8 — Completadas: none — Fallidas: 1
TRANSFE_START:1
ERROR al crear ChromeDriver: WebDriverException()
TRANSFE_FAILED:1
Service process refused to terminate gracefully with SIGTERM, escalating to SIGKILL.
Traceback (most recent call last):
  File "/Users/brianswitach/lohas/venv/lib/python3.13/site-packages/selenium/webdriver/common/service.py", line 179, in _terminate_process
    self.process.wait(60)
    ~~~~~~~~~~~~~~~~~^^^^
  File "/opt/homebrew/Cellar/python@3.13/3.13.2/Frameworks/Python.framework/Versions/3.13/lib/python3.13/subprocess.py", line 1276, in wait
    return self._wait(timeout=timeout)
           ~~~~~~~~~~^^^^^^^^^^^^^^^^^
  File "/opt/homebrew/Cellar/python@3.13/3.13.2/Frameworks/Python.framework/Versions/3.13/lib/python3.13/subprocess.py", line 2060, in _wait
    raise TimeoutExpired(self.args, timeout)
subprocess.TimeoutExpired: Command '['/Users/brianswitach/.wdm/drivers/chromedriver/mac64/140.0.7339.207/chromedriver-mac-arm64/chromedriver', '--port=61548']' timed out after 60 seconds
PASADA_FINALIZADA:Pass 9 — Completadas: none — Fallidas: 1
TRANSFE_START:1
ERROR al crear ChromeDriver: WebDriverException()
TRANSFE_FAILED:1
Service process refused to terminate gracefully with SIGTERM, escalating to SIGKILL.
Traceback (most recent call last):
  File "/Users/brianswitach/lohas/venv/lib/python3.13/site-packages/selenium/webdriver/common/service.py", line 179, in _terminate_process
    self.process.wait(60)
    ~~~~~~~~~~~~~~~~~^^^^
  File "/opt/homebrew/Cellar/python@3.13/3.13.2/Frameworks/Python.framework/Versions/3.13/lib/python3.13/subprocess.py", line 1276, in wait
    return self._wait(timeout=timeout)
           ~~~~~~~~~~^^^^^^^^^^^^^^^^^
  File "/opt/homebrew/Cellar/python@3.13/3.13.2/Frameworks/Python.framework/Versions/3.13/lib/python3.13/subprocess.py", line 2060, in _wait
    raise TimeoutExpired(self.args, timeout)
subprocess.TimeoutExpired: Command '['/Users/brianswitach/.wdm/drivers/chromedriver/mac64/140.0.7339.207/chromedriver-mac-arm64/chromedriver', '--port=62680']' timed out after 60 seconds
PASADA_FINALIZADA:Pass 10 — Completadas: none — Fallidas: 1
TRANSFE_START:1
ERROR al crear ChromeDriver: WebDriverException()
TRANSFE_FAILED:1
Service process refused to terminate gracefully with SIGTERM, escalating to SIGKILL.
Traceback (most recent call last):
  File "/Users/brianswitach/lohas/venv/lib/python3.13/site-packages/selenium/webdriver/common/service.py", line 179, in _terminate_process
    self.process.wait(60)
    ~~~~~~~~~~~~~~~~~^^^^
  File "/opt/homebrew/Cellar/python@3.13/3.13.2/Frameworks/Python.framework/Versions/3.13/lib/python3.13/subprocess.py", line 1276, in wait
    return self._wait(timeout=timeout)
           ~~~~~~~~~~^^^^^^^^^^^^^^^^^
  File "/opt/homebrew/Cellar/python@3.13/3.13.2/Frameworks/Python.framework/Versions/3.13/lib/python3.13/subprocess.py", line 2060, in _wait
    raise TimeoutExpired(self.args, timeout)
subprocess.TimeoutExpired: Command '['/Users/brianswitach/.wdm/drivers/chromedriver/mac64/140.0.7339.207/chromedriver-mac-arm64/chromedriver', '--port=64007']' timed out after 60 seconds
PASADA_FINALIZADA:Pass 11 — Completadas: none — Fallidas: 1
TRANSFE_START:1
ERROR al crear ChromeDriver: WebDriverException()
TRANSFE_FAILED:1
Service process refused to terminate gracefully with SIGTERM, escalating to SIGKILL.
Traceback (most recent call last):
  File "/Users/brianswitach/lohas/venv/lib/python3.13/site-packages/selenium/webdriver/common/service.py", line 179, in _terminate_process
    self.process.wait(60)
    ~~~~~~~~~~~~~~~~~^^^^
  File "/opt/homebrew/Cellar/python@3.13/3.13.2/Frameworks/Python.framework/Versions/3.13/lib/python3.13/subprocess.py", line 1276, in wait
    return self._wait(timeout=timeout)
           ~~~~~~~~~~^^^^^^^^^^^^^^^^^
  File "/opt/homebrew/Cellar/python@3.13/3.13.2/Frameworks/Python.framework/Versions/3.13/lib/python3.13/subprocess.py", line 2060, in _wait
    raise TimeoutExpired(self.args, timeout)
subprocess.TimeoutExpired: Command '['/Users/brianswitach/.wdm/drivers/chromedriver/mac64/140.0.7339.207/chromedriver-mac-arm64/chromedriver', '--port=65060']' timed out after 60 seconds
PASADA_FINALIZADA:Pass 12 — Completadas: none — Fallidas: 1
TRANSFE_START:1
ERROR al crear ChromeDriver: WebDriverException()
TRANSFE_FAILED:1
Service process refused to terminate gracefully with SIGTERM, escalating to SIGKILL.
Traceback (most recent call last):
  File "/Users/brianswitach/lohas/venv/lib/python3.13/site-packages/selenium/webdriver/common/service.py", line 179, in _terminate_process
    self.process.wait(60)
    ~~~~~~~~~~~~~~~~~^^^^
  File "/opt/homebrew/Cellar/python@3.13/3.13.2/Frameworks/Python.framework/Versions/3.13/lib/python3.13/subprocess.py", line 1276, in wait
    return self._wait(timeout=timeout)
           ~~~~~~~~~~^^^^^^^^^^^^^^^^^
  File "/opt/homebrew/Cellar/python@3.13/3.13.2/Frameworks/Python.framework/Versions/3.13/lib/python3.13/subprocess.py", line 2060, in _wait
    raise TimeoutExpired(self.args, timeout)
subprocess.TimeoutExpired: Command '['/Users/brianswitach/.wdm/drivers/chromedriver/mac64/140.0.7339.207/chromedriver-mac-arm64/chromedriver', '--port=49709']' timed out after 60 seconds
PASADA_FINALIZADA:Pass 13 — Completadas: none — Fallidas: 1
TRANSFE_START:1
ERROR al crear ChromeDriver: WebDriverException()
TRANSFE_FAILED:1
Service process refused to terminate gracefully with SIGTERM, escalating to SIGKILL.
Traceback (most recent call last):
  File "/Users/brianswitach/lohas/venv/lib/python3.13/site-packages/selenium/webdriver/common/service.py", line 179, in _terminate_process
    self.process.wait(60)
    ~~~~~~~~~~~~~~~~~^^^^
  File "/opt/homebrew/Cellar/python@3.13/3.13.2/Frameworks/Python.framework/Versions/3.13/lib/python3.13/subprocess.py", line 1276, in wait
    return self._wait(timeout=timeout)
           ~~~~~~~~~~^^^^^^^^^^^^^^^^^
  File "/opt/homebrew/Cellar/python@3.13/3.13.2/Frameworks/Python.framework/Versions/3.13/lib/python3.13/subprocess.py", line 2060, in _wait
    raise TimeoutExpired(self.args, timeout)
subprocess.TimeoutExpired: Command '['/Users/brianswitach/.wdm/drivers/chromedriver/mac64/140.0.7339.207/chromedriver-mac-arm64/chromedriver', '--port=50761']' timed out after 60 seconds
PASADA_FINALIZADA:Pass 14 — Completadas: none — Fallidas: 1
TRANSFE_START:1
ERROR al crear ChromeDriver: WebDriverException()
TRANSFE_FAILED:1
Service process refused to terminate gracefully with SIGTERM, escalating to SIGKILL.
Traceback (most recent call last):
  File "/Users/brianswitach/lohas/venv/lib/python3.13/site-packages/selenium/webdriver/common/service.py", line 179, in _terminate_process
    self.process.wait(60)
    ~~~~~~~~~~~~~~~~~^^^^
  File "/opt/homebrew/Cellar/python@3.13/3.13.2/Frameworks/Python.framework/Versions/3.13/lib/python3.13/subprocess.py", line 1276, in wait
    return self._wait(timeout=timeout)
           ~~~~~~~~~~^^^^^^^^^^^^^^^^^
  File "/opt/homebrew/Cellar/python@3.13/3.13.2/Frameworks/Python.framework/Versions/3.13/lib/python3.13/subprocess.py", line 2060, in _wait
    raise TimeoutExpired(self.args, timeout)
subprocess.TimeoutExpired: Command '['/Users/brianswitach/.wdm/drivers/chromedriver/mac64/140.0.7339.207/chromedriver-mac-arm64/chromedriver', '--port=51820']' timed out after 60 seconds
PASADA_FINALIZADA:Pass 15 — Completadas: none — Fallidas: 1
TRANSFE_START:1
ERROR al crear ChromeDriver: WebDriverException()
TRANSFE_FAILED:1
Service process refused to terminate gracefully with SIGTERM, escalating to SIGKILL.
Traceback (most recent call last):
  File "/Users/brianswitach/lohas/venv/lib/python3.13/site-packages/selenium/webdriver/common/service.py", line 179, in _terminate_process
    self.process.wait(60)
    ~~~~~~~~~~~~~~~~~^^^^
  File "/opt/homebrew/Cellar/python@3.13/3.13.2/Frameworks/Python.framework/Versions/3.13/lib/python3.13/subprocess.py", line 1276, in wait
    return self._wait(timeout=timeout)
           ~~~~~~~~~~^^^^^^^^^^^^^^^^^
  File "/opt/homebrew/Cellar/python@3.13/3.13.2/Frameworks/Python.framework/Versions/3.13/lib/python3.13/subprocess.py", line 2060, in _wait
    raise TimeoutExpired(self.args, timeout)
subprocess.TimeoutExpired: Command '['/Users/brianswitach/.wdm/drivers/chromedriver/mac64/140.0.7339.207/chromedriver-mac-arm64/chromedriver', '--port=53141']' timed out after 60 seconds
PASADA_FINALIZADA:Pass 16 — Completadas: none — Fallidas: 1
TRANSFE_START:1
ERROR al crear ChromeDriver: WebDriverException()
TRANSFE_FAILED:1
Service process refused to terminate gracefully with SIGTERM, escalating to SIGKILL.
Traceback (most recent call last):
  File "/Users/brianswitach/lohas/venv/lib/python3.13/site-packages/selenium/webdriver/common/service.py", line 179, in _terminate_process
    self.process.wait(60)
    ~~~~~~~~~~~~~~~~~^^^^
  File "/opt/homebrew/Cellar/python@3.13/3.13.2/Frameworks/Python.framework/Versions/3.13/lib/python3.13/subprocess.py", line 1276, in wait
    return self._wait(timeout=timeout)
           ~~~~~~~~~~^^^^^^^^^^^^^^^^^
  File "/opt/homebrew/Cellar/python@3.13/3.13.2/Frameworks/Python.framework/Versions/3.13/lib/python3.13/subprocess.py", line 2060, in _wait
    raise TimeoutExpired(self.args, timeout)
subprocess.TimeoutExpired: Command '['/Users/brianswitach/.wdm/drivers/chromedriver/mac64/140.0.7339.207/chromedriver-mac-arm64/chromedriver', '--port=54188']' timed out after 60 seconds
PASADA_FINALIZADA:Pass 17 — Completadas: none — Fallidas: 1
TRANSFE_START:1
ERROR al crear ChromeDriver: WebDriverException()
TRANSFE_FAILED:1
Service process refused to terminate gracefully with SIGTERM, escalating to SIGKILL.
Traceback (most recent call last):
  File "/Users/brianswitach/lohas/venv/lib/python3.13/site-packages/selenium/webdriver/common/service.py", line 179, in _terminate_process
    self.process.wait(60)
    ~~~~~~~~~~~~~~~~~^^^^
  File "/opt/homebrew/Cellar/python@3.13/3.13.2/Frameworks/Python.framework/Versions/3.13/lib/python3.13/subprocess.py", line 1276, in wait
    return self._wait(timeout=timeout)
           ~~~~~~~~~~^^^^^^^^^^^^^^^^^
  File "/opt/homebrew/Cellar/python@3.13/3.13.2/Frameworks/Python.framework/Versions/3.13/lib/python3.13/subprocess.py", line 2060, in _wait
    raise TimeoutExpired(self.args, timeout)
subprocess.TimeoutExpired: Command '['/Users/brianswitach/.wdm/drivers/chromedriver/mac64/140.0.7339.207/chromedriver-mac-arm64/chromedriver', '--port=55221']' timed out after 60 seconds
PASADA_FINALIZADA:Pass 18 — Completadas: none — Fallidas: 1
TRANSFE_START:1
ERROR al crear ChromeDriver: WebDriverException()
TRANSFE_FAILED:1
Service process refused to terminate gracefully with SIGTERM, escalating to SIGKILL.
Traceback (most recent call last):
  File "/Users/brianswitach/lohas/venv/lib/python3.13/site-packages/selenium/webdriver/common/service.py", line 179, in _terminate_process
    self.process.wait(60)
    ~~~~~~~~~~~~~~~~~^^^^
  File "/opt/homebrew/Cellar/python@3.13/3.13.2/Frameworks/Python.framework/Versions/3.13/lib/python3.13/subprocess.py", line 1276, in wait
    return self._wait(timeout=timeout)
           ~~~~~~~~~~^^^^^^^^^^^^^^^^^
  File "/opt/homebrew/Cellar/python@3.13/3.13.2/Frameworks/Python.framework/Versions/3.13/lib/python3.13/subprocess.py", line 2060, in _wait
    raise TimeoutExpired(self.args, timeout)
subprocess.TimeoutExpired: Command '['/Users/brianswitach/.wdm/drivers/chromedriver/mac64/140.0.7339.207/chromedriver-mac-arm64/chromedriver', '--port=56259']' timed out after 60 seconds
PASADA_FINALIZADA:Pass 19 — Completadas: none — Fallidas: 1
TRANSFE_START:1
ERROR al crear ChromeDriver: WebDriverException()
TRANSFE_FAILED:1
Service process refused to terminate gracefully with SIGTERM, escalating to SIGKILL.
Traceback (most recent call last):
  File "/Users/brianswitach/lohas/venv/lib/python3.13/site-packages/selenium/webdriver/common/service.py", line 179, in _terminate_process
    self.process.wait(60)
    ~~~~~~~~~~~~~~~~~^^^^
  File "/opt/homebrew/Cellar/python@3.13/3.13.2/Frameworks/Python.framework/Versions/3.13/lib/python3.13/subprocess.py", line 1276, in wait
    return self._wait(timeout=timeout)
           ~~~~~~~~~~^^^^^^^^^^^^^^^^^
  File "/opt/homebrew/Cellar/python@3.13/3.13.2/Frameworks/Python.framework/Versions/3.13/lib/python3.13/subprocess.py", line 2060, in _wait
    raise TimeoutExpired(self.args, timeout)
subprocess.TimeoutExpired: Command '['/Users/brianswitach/.wdm/drivers/chromedriver/mac64/140.0.7339.207/chromedriver-mac-arm64/chromedriver', '--port=57425']' timed out after 60 seconds
PASADA_FINALIZADA:Pass 20 — Completadas: none — Fallidas: 1
TRANSFE_START:1
ERROR al crear ChromeDriver: WebDriverException()
TRANSFE_FAILED:1
Service process refused to terminate gracefully with SIGTERM, escalating to SIGKILL.
Traceback (most recent call last):
  File "/Users/brianswitach/lohas/venv/lib/python3.13/site-packages/selenium/webdriver/common/service.py", line 179, in _terminate_process
    self.process.wait(60)
    ~~~~~~~~~~~~~~~~~^^^^
  File "/opt/homebrew/Cellar/python@3.13/3.13.2/Frameworks/Python.framework/Versions/3.13/lib/python3.13/subprocess.py", line 1276, in wait
    return self._wait(timeout=timeout)
           ~~~~~~~~~~^^^^^^^^^^^^^^^^^
  File "/opt/homebrew/Cellar/python@3.13/3.13.2/Frameworks/Python.framework/Versions/3.13/lib/python3.13/subprocess.py", line 2060, in _wait
    raise TimeoutExpired(self.args, timeout)
subprocess.TimeoutExpired: Command '['/Users/brianswitach/.wdm/drivers/chromedriver/mac64/140.0.7339.207/chromedriver-mac-arm64/chromedriver', '--port=58555']' timed out after 60 seconds
PASADA_FINALIZADA:Pass 21 — Completadas: none — Fallidas: 1
TRANSFE_START:1
ERROR al crear ChromeDriver: WebDriverException()
TRANSFE_FAILED:1
Service process refused to terminate gracefully with SIGTERM, escalating to SIGKILL.
Traceback (most recent call last):
  File "/Users/brianswitach/lohas/venv/lib/python3.13/site-packages/selenium/webdriver/common/service.py", line 179, in _terminate_process
    self.process.wait(60)
    ~~~~~~~~~~~~~~~~~^^^^
  File "/opt/homebrew/Cellar/python@3.13/3.13.2/Frameworks/Python.framework/Versions/3.13/lib/python3.13/subprocess.py", line 1276, in wait
    return self._wait(timeout=timeout)
           ~~~~~~~~~~^^^^^^^^^^^^^^^^^
  File "/opt/homebrew/Cellar/python@3.13/3.13.2/Frameworks/Python.framework/Versions/3.13/lib/python3.13/subprocess.py", line 2060, in _wait
    raise TimeoutExpired(self.args, timeout)
subprocess.TimeoutExpired: Command '['/Users/brianswitach/.wdm/drivers/chromedriver/mac64/140.0.7339.207/chromedriver-mac-arm64/chromedriver', '--port=59734']' timed out after 60 seconds
PASADA_FINALIZADA:Pass 22 — Completadas: none — Fallidas: 1
TRANSFE_START:1
ERROR al crear ChromeDriver: WebDriverException()
TRANSFE_FAILED:1
Service process refused to terminate gracefully with SIGTERM, escalating to SIGKILL.
Traceback (most recent call last):
  File "/Users/brianswitach/lohas/venv/lib/python3.13/site-packages/selenium/webdriver/common/service.py", line 179, in _terminate_process
    self.process.wait(60)
    ~~~~~~~~~~~~~~~~~^^^^
  File "/opt/homebrew/Cellar/python@3.13/3.13.2/Frameworks/Python.framework/Versions/3.13/lib/python3.13/subprocess.py", line 1276, in wait
    return self._wait(timeout=timeout)
           ~~~~~~~~~~^^^^^^^^^^^^^^^^^
  File "/opt/homebrew/Cellar/python@3.13/3.13.2/Frameworks/Python.framework/Versions/3.13/lib/python3.13/subprocess.py", line 2060, in _wait
    raise TimeoutExpired(self.args, timeout)
subprocess.TimeoutExpired: Command '['/Users/brianswitach/.wdm/drivers/chromedriver/mac64/140.0.7339.207/chromedriver-mac-arm64/chromedriver', '--port=60941']' timed out after 60 seconds
PASADA_FINALIZADA:Pass 23 — Completadas: none — Fallidas: 1
TRANSFE_START:1
ERROR al crear ChromeDriver: WebDriverException()
TRANSFE_FAILED:1
Service process refused to terminate gracefully with SIGTERM, escalating to SIGKILL.
Traceback (most recent call last):
  File "/Users/brianswitach/lohas/venv/lib/python3.13/site-packages/selenium/webdriver/common/service.py", line 179, in _terminate_process
    self.process.wait(60)
    ~~~~~~~~~~~~~~~~~^^^^
  File "/opt/homebrew/Cellar/python@3.13/3.13.2/Frameworks/Python.framework/Versions/3.13/lib/python3.13/subprocess.py", line 1276, in wait
    return self._wait(timeout=timeout)
           ~~~~~~~~~~^^^^^^^^^^^^^^^^^
  File "/opt/homebrew/Cellar/python@3.13/3.13.2/Frameworks/Python.framework/Versions/3.13/lib/python3.13/subprocess.py", line 2060, in _wait
    raise TimeoutExpired(self.args, timeout)
subprocess.TimeoutExpired: Command '['/Users/brianswitach/.wdm/drivers/chromedriver/mac64/140.0.7339.207/chromedriver-mac-arm64/chromedriver', '--port=61978']' timed out after 60 seconds
PASADA_FINALIZADA:Pass 24 — Completadas: none — Fallidas: 1
TRANSFE_START:1
ERROR al crear ChromeDriver: WebDriverException()
TRANSFE_FAILED:1
Service process refused to terminate gracefully with SIGTERM, escalating to SIGKILL.
Traceback (most recent call last):
  File "/Users/brianswitach/lohas/venv/lib/python3.13/site-packages/selenium/webdriver/common/service.py", line 179, in _terminate_process
    self.process.wait(60)
    ~~~~~~~~~~~~~~~~~^^^^
  File "/opt/homebrew/Cellar/python@3.13/3.13.2/Frameworks/Python.framework/Versions/3.13/lib/python3.13/subprocess.py", line 1276, in wait
    return self._wait(timeout=timeout)
           ~~~~~~~~~~^^^^^^^^^^^^^^^^^
  File "/opt/homebrew/Cellar/python@3.13/3.13.2/Frameworks/Python.framework/Versions/3.13/lib/python3.13/subprocess.py", line 2060, in _wait
    raise TimeoutExpired(self.args, timeout)
subprocess.TimeoutExpired: Command '['/Users/brianswitach/.wdm/drivers/chromedriver/mac64/140.0.7339.207/chromedriver-mac-arm64/chromedriver', '--port=63049']' timed out after 60 seconds
PASADA_FINALIZADA:Pass 25 — Completadas: none — Fallidas: 1
TRANSFE_START:1
ERROR al crear ChromeDriver: WebDriverException()
TRANSFE_FAILED:1
Service process refused to terminate gracefully with SIGTERM, escalating to SIGKILL.
Traceback (most recent call last):
  File "/Users/brianswitach/lohas/venv/lib/python3.13/site-packages/selenium/webdriver/common/service.py", line 179, in _terminate_process
    self.process.wait(60)
    ~~~~~~~~~~~~~~~~~^^^^
  File "/opt/homebrew/Cellar/python@3.13/3.13.2/Frameworks/Python.framework/Versions/3.13/lib/python3.13/subprocess.py", line 1276, in wait
    return self._wait(timeout=timeout)
           ~~~~~~~~~~^^^^^^^^^^^^^^^^^
  File "/opt/homebrew/Cellar/python@3.13/3.13.2/Frameworks/Python.framework/Versions/3.13/lib/python3.13/subprocess.py", line 2060, in _wait
    raise TimeoutExpired(self.args, timeout)
subprocess.TimeoutExpired: Command '['/Users/brianswitach/.wdm/drivers/chromedriver/mac64/140.0.7339.207/chromedriver-mac-arm64/chromedriver', '--port=64115']' timed out after 60 seconds
PASADA_FINALIZADA:Pass 26 — Completadas: none — Fallidas: 1
TRANSFE_START:1
ERROR al crear ChromeDriver: WebDriverException()
TRANSFE_FAILED:1
Service process refused to terminate gracefully with SIGTERM, escalating to SIGKILL.
Traceback (most recent call last):
  File "/Users/brianswitach/lohas/venv/lib/python3.13/site-packages/selenium/webdriver/common/service.py", line 179, in _terminate_process
    self.process.wait(60)
    ~~~~~~~~~~~~~~~~~^^^^
  File "/opt/homebrew/Cellar/python@3.13/3.13.2/Frameworks/Python.framework/Versions/3.13/lib/python3.13/subprocess.py", line 1276, in wait
    return self._wait(timeout=timeout)
           ~~~~~~~~~~^^^^^^^^^^^^^^^^^
  File "/opt/homebrew/Cellar/python@3.13/3.13.2/Frameworks/Python.framework/Versions/3.13/lib/python3.13/subprocess.py", line 2060, in _wait
    raise TimeoutExpired(self.args, timeout)
subprocess.TimeoutExpired: Command '['/Users/brianswitach/.wdm/drivers/chromedriver/mac64/140.0.7339.207/chromedriver-mac-arm64/chromedriver', '--port=65162']' timed out after 60 seconds
PASADA_FINALIZADA:Pass 27 — Completadas: none — Fallidas: 1
TRANSFE_START:1
ERROR al crear ChromeDriver: WebDriverException()
TRANSFE_FAILED:1
Service process refused to terminate gracefully with SIGTERM, escalating to SIGKILL.
Traceback (most recent call last):
  File "/Users/brianswitach/lohas/venv/lib/python3.13/site-packages/selenium/webdriver/common/service.py", line 179, in _terminate_process
    self.process.wait(60)
    ~~~~~~~~~~~~~~~~~^^^^
  File "/opt/homebrew/Cellar/python@3.13/3.13.2/Frameworks/Python.framework/Versions/3.13/lib/python3.13/subprocess.py", line 1276, in wait
    return self._wait(timeout=timeout)
           ~~~~~~~~~~^^^^^^^^^^^^^^^^^
  File "/opt/homebrew/Cellar/python@3.13/3.13.2/Frameworks/Python.framework/Versions/3.13/lib/python3.13/subprocess.py", line 2060, in _wait
    raise TimeoutExpired(self.args, timeout)
subprocess.TimeoutExpired: Command '['/Users/brianswitach/.wdm/drivers/chromedriver/mac64/140.0.7339.207/chromedriver-mac-arm64/chromedriver', '--port=49906']' timed out after 60 seconds
PASADA_FINALIZADA:Pass 28 — Completadas: none — Fallidas: 1
TRANSFE_START:1
ERROR al crear ChromeDriver: WebDriverException()
TRANSFE_FAILED:1
Service process refused to terminate gracefully with SIGTERM, escalating to SIGKILL.
Traceback (most recent call last):
  File "/Users/brianswitach/lohas/venv/lib/python3.13/site-packages/selenium/webdriver/common/service.py", line 179, in _terminate_process
    self.process.wait(60)
    ~~~~~~~~~~~~~~~~~^^^^
  File "/opt/homebrew/Cellar/python@3.13/3.13.2/Frameworks/Python.framework/Versions/3.13/lib/python3.13/subprocess.py", line 1276, in wait
    return self._wait(timeout=timeout)
           ~~~~~~~~~~^^^^^^^^^^^^^^^^^
  File "/opt/homebrew/Cellar/python@3.13/3.13.2/Frameworks/Python.framework/Versions/3.13/lib/python3.13/subprocess.py", line 2060, in _wait
    raise TimeoutExpired(self.args, timeout)
subprocess.TimeoutExpired: Command '['/Users/brianswitach/.wdm/drivers/chromedriver/mac64/140.0.7339.207/chromedriver-mac-arm64/chromedriver', '--port=51005']' timed out after 60 seconds
PASADA_FINALIZADA:Pass 29 — Completadas: none — Fallidas: 1
TRANSFE_START:1
ERROR al crear ChromeDriver: WebDriverException()
TRANSFE_FAILED:1
Service process refused to terminate gracefully with SIGTERM, escalating to SIGKILL.
Traceback (most recent call last):
  File "/Users/brianswitach/lohas/venv/lib/python3.13/site-packages/selenium/webdriver/common/service.py", line 179, in _terminate_process
    self.process.wait(60)
    ~~~~~~~~~~~~~~~~~^^^^
  File "/opt/homebrew/Cellar/python@3.13/3.13.2/Frameworks/Python.framework/Versions/3.13/lib/python3.13/subprocess.py", line 1276, in wait
    return self._wait(timeout=timeout)
           ~~~~~~~~~~^^^^^^^^^^^^^^^^^
  File "/opt/homebrew/Cellar/python@3.13/3.13.2/Frameworks/Python.framework/Versions/3.13/lib/python3.13/subprocess.py", line 2060, in _wait
    raise TimeoutExpired(self.args, timeout)
subprocess.TimeoutExpired: Command '['/Users/brianswitach/.wdm/drivers/chromedriver/mac64/140.0.7339.207/chromedriver-mac-arm64/chromedriver', '--port=52064']' timed out after 60 seconds
PASADA_FINALIZADA:Pass 30 — Completadas: none — Fallidas: 1
TRANSFE_START:1
ERROR al crear ChromeDriver: WebDriverException()
TRANSFE_FAILED:1
Service process refused to terminate gracefully with SIGTERM, escalating to SIGKILL.
Traceback (most recent call last):
  File "/Users/brianswitach/lohas/venv/lib/python3.13/site-packages/selenium/webdriver/common/service.py", line 179, in _terminate_process
    self.process.wait(60)
    ~~~~~~~~~~~~~~~~~^^^^
  File "/opt/homebrew/Cellar/python@3.13/3.13.2/Frameworks/Python.framework/Versions/3.13/lib/python3.13/subprocess.py", line 1276, in wait
    return self._wait(timeout=timeout)
           ~~~~~~~~~~^^^^^^^^^^^^^^^^^
  File "/opt/homebrew/Cellar/python@3.13/3.13.2/Frameworks/Python.framework/Versions/3.13/lib/python3.13/subprocess.py", line 2060, in _wait
    raise TimeoutExpired(self.args, timeout)
subprocess.TimeoutExpired: Command '['/Users/brianswitach/.wdm/drivers/chromedriver/mac64/140.0.7339.207/chromedriver-mac-arm64/chromedriver', '--port=53098']' timed out after 60 seconds
PASADA_FINALIZADA:Pass 31 — Completadas: none — Fallidas: 1
TRANSFE_START:1
ERROR al crear ChromeDriver: WebDriverException()
TRANSFE_FAILED:1
Service process refused to terminate gracefully with SIGTERM, escalating to SIGKILL.
Traceback (most recent call last):
  File "/Users/brianswitach/lohas/venv/lib/python3.13/site-packages/selenium/webdriver/common/service.py", line 179, in _terminate_process
    self.process.wait(60)
    ~~~~~~~~~~~~~~~~~^^^^
  File "/opt/homebrew/Cellar/python@3.13/3.13.2/Frameworks/Python.framework/Versions/3.13/lib/python3.13/subprocess.py", line 1276, in wait
    return self._wait(timeout=timeout)
           ~~~~~~~~~~^^^^^^^^^^^^^^^^^
  File "/opt/homebrew/Cellar/python@3.13/3.13.2/Frameworks/Python.framework/Versions/3.13/lib/python3.13/subprocess.py", line 2060, in _wait
    raise TimeoutExpired(self.args, timeout)
subprocess.TimeoutExpired: Command '['/Users/brianswitach/.wdm/drivers/chromedriver/mac64/140.0.7339.207/chromedriver-mac-arm64/chromedriver', '--port=54119']' timed out after 60 seconds
PASADA_FINALIZADA:Pass 32 — Completadas: none — Fallidas: 1
TRANSFE_START:1
ERROR al crear ChromeDriver: WebDriverException()
TRANSFE_FAILED:1
Service process refused to terminate gracefully with SIGTERM, escalating to SIGKILL.
Traceback (most recent call last):
  File "/Users/brianswitach/lohas/venv/lib/python3.13/site-packages/selenium/webdriver/common/service.py", line 179, in _terminate_process
    self.process.wait(60)
    ~~~~~~~~~~~~~~~~~^^^^
  File "/opt/homebrew/Cellar/python@3.13/3.13.2/Frameworks/Python.framework/Versions/3.13/lib/python3.13/subprocess.py", line 1276, in wait
    return self._wait(timeout=timeout)
           ~~~~~~~~~~^^^^^^^^^^^^^^^^^
  File "/opt/homebrew/Cellar/python@3.13/3.13.2/Frameworks/Python.framework/Versions/3.13/lib/python3.13/subprocess.py", line 2060, in _wait
    raise TimeoutExpired(self.args, timeout)
subprocess.TimeoutExpired: Command '['/Users/brianswitach/.wdm/drivers/chromedriver/mac64/140.0.7339.207/chromedriver-mac-arm64/chromedriver', '--port=55157']' timed out after 60 seconds
PASADA_FINALIZADA:Pass 33 — Completadas: none — Fallidas: 1
TRANSFE_START:1
ERROR al crear ChromeDriver: WebDriverException()
TRANSFE_FAILED:1
Service process refused to terminate gracefully with SIGTERM, escalating to SIGKILL.
Traceback (most recent call last):
  File "/Users/brianswitach/lohas/venv/lib/python3.13/site-packages/selenium/webdriver/common/service.py", line 179, in _terminate_process
    self.process.wait(60)
    ~~~~~~~~~~~~~~~~~^^^^
  File "/opt/homebrew/Cellar/python@3.13/3.13.2/Frameworks/Python.framework/Versions/3.13/lib/python3.13/subprocess.py", line 1276, in wait
    return self._wait(timeout=timeout)
           ~~~~~~~~~~^^^^^^^^^^^^^^^^^
  File "/opt/homebrew/Cellar/python@3.13/3.13.2/Frameworks/Python.framework/Versions/3.13/lib/python3.13/subprocess.py", line 2060, in _wait
    raise TimeoutExpired(self.args, timeout)
subprocess.TimeoutExpired: Command '['/Users/brianswitach/.wdm/drivers/chromedriver/mac64/140.0.7339.207/chromedriver-mac-arm64/chromedriver', '--port=56186']' timed out after 60 seconds
PASADA_FINALIZADA:Pass 34 — Completadas: none — Fallidas: 1
TRANSFE_START:1
ERROR al crear ChromeDriver: WebDriverException()
TRANSFE_FAILED:1
Service process refused to terminate gracefully with SIGTERM, escalating to SIGKILL.
Traceback (most recent call last):
  File "/Users/brianswitach/lohas/venv/lib/python3.13/site-packages/selenium/webdriver/common/service.py", line 179, in _terminate_process
    self.process.wait(60)
    ~~~~~~~~~~~~~~~~~^^^^
  File "/opt/homebrew/Cellar/python@3.13/3.13.2/Frameworks/Python.framework/Versions/3.13/lib/python3.13/subprocess.py", line 1276, in wait
    return self._wait(timeout=timeout)
           ~~~~~~~~~~^^^^^^^^^^^^^^^^^
  File "/opt/homebrew/Cellar/python@3.13/3.13.2/Frameworks/Python.framework/Versions/3.13/lib/python3.13/subprocess.py", line 2060, in _wait
    raise TimeoutExpired(self.args, timeout)
subprocess.TimeoutExpired: Command '['/Users/brianswitach/.wdm/drivers/chromedriver/mac64/140.0.7339.207/chromedriver-mac-arm64/chromedriver', '--port=57215']' timed out after 60 seconds
PASADA_FINALIZADA:Pass 35 — Completadas: none — Fallidas: 1
TRANSFE_START:1
ERROR al crear ChromeDriver: WebDriverException()
TRANSFE_FAILED:1
Service process refused to terminate gracefully with SIGTERM, escalating to SIGKILL.
Traceback (most recent call last):
  File "/Users/brianswitach/lohas/venv/lib/python3.13/site-packages/selenium/webdriver/common/service.py", line 179, in _terminate_process
    self.process.wait(60)
    ~~~~~~~~~~~~~~~~~^^^^
  File "/opt/homebrew/Cellar/python@3.13/3.13.2/Frameworks/Python.framework/Versions/3.13/lib/python3.13/subprocess.py", line 1276, in wait
    return self._wait(timeout=timeout)
           ~~~~~~~~~~^^^^^^^^^^^^^^^^^
  File "/opt/homebrew/Cellar/python@3.13/3.13.2/Frameworks/Python.framework/Versions/3.13/lib/python3.13/subprocess.py", line 2060, in _wait
    raise TimeoutExpired(self.args, timeout)
subprocess.TimeoutExpired: Command '['/Users/brianswitach/.wdm/drivers/chromedriver/mac64/140.0.7339.207/chromedriver-mac-arm64/chromedriver', '--port=58249']' timed out after 60 seconds
PASADA_FINALIZADA:Pass 36 — Completadas: none — Fallidas: 1
TRANSFE_START:1
ERROR al crear ChromeDriver: WebDriverException()
TRANSFE_FAILED:1
Service process refused to terminate gracefully with SIGTERM, escalating to SIGKILL.
Traceback (most recent call last):
  File "/Users/brianswitach/lohas/venv/lib/python3.13/site-packages/selenium/webdriver/common/service.py", line 179, in _terminate_process
    self.process.wait(60)
    ~~~~~~~~~~~~~~~~~^^^^
  File "/opt/homebrew/Cellar/python@3.13/3.13.2/Frameworks/Python.framework/Versions/3.13/lib/python3.13/subprocess.py", line 1276, in wait
    return self._wait(timeout=timeout)
           ~~~~~~~~~~^^^^^^^^^^^^^^^^^
  File "/opt/homebrew/Cellar/python@3.13/3.13.2/Frameworks/Python.framework/Versions/3.13/lib/python3.13/subprocess.py", line 2060, in _wait
    raise TimeoutExpired(self.args, timeout)
subprocess.TimeoutExpired: Command '['/Users/brianswitach/.wdm/drivers/chromedriver/mac64/140.0.7339.207/chromedriver-mac-arm64/chromedriver', '--port=59318']' timed out after 60 seconds
PASADA_FINALIZADA:Pass 37 — Completadas: none — Fallidas: 1
TRANSFE_START:1
ERROR al crear ChromeDriver: WebDriverException()
TRANSFE_FAILED:1
Service process refused to terminate gracefully with SIGTERM, escalating to SIGKILL.
Traceback (most recent call last):
  File "/Users/brianswitach/lohas/venv/lib/python3.13/site-packages/selenium/webdriver/common/service.py", line 179, in _terminate_process
    self.process.wait(60)
    ~~~~~~~~~~~~~~~~~^^^^
  File "/opt/homebrew/Cellar/python@3.13/3.13.2/Frameworks/Python.framework/Versions/3.13/lib/python3.13/subprocess.py", line 1276, in wait
    return self._wait(timeout=timeout)
           ~~~~~~~~~~^^^^^^^^^^^^^^^^^
  File "/opt/homebrew/Cellar/python@3.13/3.13.2/Frameworks/Python.framework/Versions/3.13/lib/python3.13/subprocess.py", line 2060, in _wait
    raise TimeoutExpired(self.args, timeout)
subprocess.TimeoutExpired: Command '['/Users/brianswitach/.wdm/drivers/chromedriver/mac64/140.0.7339.207/chromedriver-mac-arm64/chromedriver', '--port=60349']' timed out after 60 seconds
PASADA_FINALIZADA:Pass 38 — Completadas: none — Fallidas: 1
TRANSFE_START:1
ERROR al crear ChromeDriver: WebDriverException()
TRANSFE_FAILED:1
Service process refused to terminate gracefully with SIGTERM, escalating to SIGKILL.
Traceback (most recent call last):
  File "/Users/brianswitach/lohas/venv/lib/python3.13/site-packages/selenium/webdriver/common/service.py", line 179, in _terminate_process
    self.process.wait(60)
    ~~~~~~~~~~~~~~~~~^^^^
  File "/opt/homebrew/Cellar/python@3.13/3.13.2/Frameworks/Python.framework/Versions/3.13/lib/python3.13/subprocess.py", line 1276, in wait
    return self._wait(timeout=timeout)
           ~~~~~~~~~~^^^^^^^^^^^^^^^^^
  File "/opt/homebrew/Cellar/python@3.13/3.13.2/Frameworks/Python.framework/Versions/3.13/lib/python3.13/subprocess.py", line 2060, in _wait
    raise TimeoutExpired(self.args, timeout)
subprocess.TimeoutExpired: Command '['/Users/brianswitach/.wdm/drivers/chromedriver/mac64/140.0.7339.207/chromedriver-mac-arm64/chromedriver', '--port=61382']' timed out after 60 seconds
PASADA_FINALIZADA:Pass 39 — Completadas: none — Fallidas: 1
TRANSFE_START:1
ERROR al crear ChromeDriver: WebDriverException()
TRANSFE_FAILED:1
Service process refused to terminate gracefully with SIGTERM, escalating to SIGKILL.
Traceback (most recent call last):
  File "/Users/brianswitach/lohas/venv/lib/python3.13/site-packages/selenium/webdriver/common/service.py", line 179, in _terminate_process
    self.process.wait(60)
    ~~~~~~~~~~~~~~~~~^^^^
  File "/opt/homebrew/Cellar/python@3.13/3.13.2/Frameworks/Python.framework/Versions/3.13/lib/python3.13/subprocess.py", line 1276, in wait
    return self._wait(timeout=timeout)
           ~~~~~~~~~~^^^^^^^^^^^^^^^^^
  File "/opt/homebrew/Cellar/python@3.13/3.13.2/Frameworks/Python.framework/Versions/3.13/lib/python3.13/subprocess.py", line 2060, in _wait
    raise TimeoutExpired(self.args, timeout)
subprocess.TimeoutExpired: Command '['/Users/brianswitach/.wdm/drivers/chromedriver/mac64/140.0.7339.207/chromedriver-mac-arm64/chromedriver', '--port=62425']' timed out after 60 seconds
PASADA_FINALIZADA:Pass 40 — Completadas: none — Fallidas: 1
TRANSFE_START:1
ERROR al crear ChromeDriver: WebDriverException()
TRANSFE_FAILED:1
Service process refused to terminate gracefully with SIGTERM, escalating to SIGKILL.
Traceback (most recent call last):
  File "/Users/brianswitach/lohas/venv/lib/python3.13/site-packages/selenium/webdriver/common/service.py", line 179, in _terminate_process
    self.process.wait(60)
    ~~~~~~~~~~~~~~~~~^^^^
  File "/opt/homebrew/Cellar/python@3.13/3.13.2/Frameworks/Python.framework/Versions/3.13/lib/python3.13/subprocess.py", line 1276, in wait
    return self._wait(timeout=timeout)
           ~~~~~~~~~~^^^^^^^^^^^^^^^^^
  File "/opt/homebrew/Cellar/python@3.13/3.13.2/Frameworks/Python.framework/Versions/3.13/lib/python3.13/subprocess.py", line 2060, in _wait
    raise TimeoutExpired(self.args, timeout)
subprocess.TimeoutExpired: Command '['/Users/brianswitach/.wdm/drivers/chromedriver/mac64/140.0.7339.207/chromedriver-mac-arm64/chromedriver', '--port=63532']' timed out after 60 seconds
PASADA_FINALIZADA:Pass 41 — Completadas: none — Fallidas: 1
TRANSFE_START:1
ERROR al crear ChromeDriver: WebDriverException()
TRANSFE_FAILED:1
Service process refused to terminate gracefully with SIGTERM, escalating to SIGKILL.
Traceback (most recent call last):
  File "/Users/brianswitach/lohas/venv/lib/python3.13/site-packages/selenium/webdriver/common/service.py", line 179, in _terminate_process
    self.process.wait(60)
    ~~~~~~~~~~~~~~~~~^^^^
  File "/opt/homebrew/Cellar/python@3.13/3.13.2/Frameworks/Python.framework/Versions/3.13/lib/python3.13/subprocess.py", line 1276, in wait
    return self._wait(timeout=timeout)
           ~~~~~~~~~~^^^^^^^^^^^^^^^^^
  File "/opt/homebrew/Cellar/python@3.13/3.13.2/Frameworks/Python.framework/Versions/3.13/lib/python3.13/subprocess.py", line 2060, in _wait
    raise TimeoutExpired(self.args, timeout)
subprocess.TimeoutExpired: Command '['/Users/brianswitach/.wdm/drivers/chromedriver/mac64/140.0.7339.207/chromedriver-mac-arm64/chromedriver', '--port=64568']' timed out after 60 seconds
PASADA_FINALIZADA:Pass 42 — Completadas: none — Fallidas: 1
TRANSFE_START:1
ERROR al crear ChromeDriver: WebDriverException()
TRANSFE_FAILED:1
Service process refused to terminate gracefully with SIGTERM, escalating to SIGKILL.
Traceback (most recent call last):
  File "/Users/brianswitach/lohas/venv/lib/python3.13/site-packages/selenium/webdriver/common/service.py", line 179, in _terminate_process
    self.process.wait(60)
    ~~~~~~~~~~~~~~~~~^^^^
  File "/opt/homebrew/Cellar/python@3.13/3.13.2/Frameworks/Python.framework/Versions/3.13/lib/python3.13/subprocess.py", line 1276, in wait
    return self._wait(timeout=timeout)
           ~~~~~~~~~~^^^^^^^^^^^^^^^^^
  File "/opt/homebrew/Cellar/python@3.13/3.13.2/Frameworks/Python.framework/Versions/3.13/lib/python3.13/subprocess.py", line 2060, in _wait
    raise TimeoutExpired(self.args, timeout)
subprocess.TimeoutExpired: Command '['/Users/brianswitach/.wdm/drivers/chromedriver/mac64/140.0.7339.207/chromedriver-mac-arm64/chromedriver', '--port=49246']' timed out after 60 seconds
PASADA_FINALIZADA:Pass 43 — Completadas: none — Fallidas: 1
TRANSFE_START:1
ERROR al crear ChromeDriver: WebDriverException()
TRANSFE_FAILED:1
Service process refused to terminate gracefully with SIGTERM, escalating to SIGKILL.
Traceback (most recent call last):
  File "/Users/brianswitach/lohas/venv/lib/python3.13/site-packages/selenium/webdriver/common/service.py", line 179, in _terminate_process
    self.process.wait(60)
    ~~~~~~~~~~~~~~~~~^^^^
  File "/opt/homebrew/Cellar/python@3.13/3.13.2/Frameworks/Python.framework/Versions/3.13/lib/python3.13/subprocess.py", line 1276, in wait
    return self._wait(timeout=timeout)
           ~~~~~~~~~~^^^^^^^^^^^^^^^^^
  File "/opt/homebrew/Cellar/python@3.13/3.13.2/Frameworks/Python.framework/Versions/3.13/lib/python3.13/subprocess.py", line 2060, in _wait
    raise TimeoutExpired(self.args, timeout)
subprocess.TimeoutExpired: Command '['/Users/brianswitach/.wdm/drivers/chromedriver/mac64/140.0.7339.207/chromedriver-mac-arm64/chromedriver', '--port=50267']' timed out after 60 seconds
PASADA_FINALIZADA:Pass 44 — Completadas: none — Fallidas: 1
TRANSFE_START:1
ERROR al crear ChromeDriver: WebDriverException()
TRANSFE_FAILED:1
Service process refused to terminate gracefully with SIGTERM, escalating to SIGKILL.
Traceback (most recent call last):
  File "/Users/brianswitach/lohas/venv/lib/python3.13/site-packages/selenium/webdriver/common/service.py", line 179, in _terminate_process
    self.process.wait(60)
    ~~~~~~~~~~~~~~~~~^^^^
  File "/opt/homebrew/Cellar/python@3.13/3.13.2/Frameworks/Python.framework/Versions/3.13/lib/python3.13/subprocess.py", line 1276, in wait
    return self._wait(timeout=timeout)
           ~~~~~~~~~~^^^^^^^^^^^^^^^^^
  File "/opt/homebrew/Cellar/python@3.13/3.13.2/Frameworks/Python.framework/Versions/3.13/lib/python3.13/subprocess.py", line 2060, in _wait
    raise TimeoutExpired(self.args, timeout)
subprocess.TimeoutExpired: Command '['/Users/brianswitach/.wdm/drivers/chromedriver/mac64/140.0.7339.207/chromedriver-mac-arm64/chromedriver', '--port=51318']' timed out after 60 seconds
PASADA_FINALIZADA:Pass 45 — Completadas: none — Fallidas: 1
TRANSFE_START:1
ERROR al crear ChromeDriver: WebDriverException()
TRANSFE_FAILED:1
Service process refused to terminate gracefully with SIGTERM, escalating to SIGKILL.
Traceback (most recent call last):
  File "/Users/brianswitach/lohas/venv/lib/python3.13/site-packages/selenium/webdriver/common/service.py", line 179, in _terminate_process
    self.process.wait(60)
    ~~~~~~~~~~~~~~~~~^^^^
  File "/opt/homebrew/Cellar/python@3.13/3.13.2/Frameworks/Python.framework/Versions/3.13/lib/python3.13/subprocess.py", line 1276, in wait
    return self._wait(timeout=timeout)
           ~~~~~~~~~~^^^^^^^^^^^^^^^^^
  File "/opt/homebrew/Cellar/python@3.13/3.13.2/Frameworks/Python.framework/Versions/3.13/lib/python3.13/subprocess.py", line 2060, in _wait
    raise TimeoutExpired(self.args, timeout)
subprocess.TimeoutExpired: Command '['/Users/brianswitach/.wdm/drivers/chromedriver/mac64/140.0.7339.207/chromedriver-mac-arm64/chromedriver', '--port=52367']' timed out after 60 seconds
PASADA_FINALIZADA:Pass 46 — Completadas: none — Fallidas: 1
TRANSFE_START:1
ERROR al crear ChromeDriver: WebDriverException()
TRANSFE_FAILED:1
Service process refused to terminate gracefully with SIGTERM, escalating to SIGKILL.
Traceback (most recent call last):
  File "/Users/brianswitach/lohas/venv/lib/python3.13/site-packages/selenium/webdriver/common/service.py", line 179, in _terminate_process
    self.process.wait(60)
    ~~~~~~~~~~~~~~~~~^^^^
  File "/opt/homebrew/Cellar/python@3.13/3.13.2/Frameworks/Python.framework/Versions/3.13/lib/python3.13/subprocess.py", line 1276, in wait
    return self._wait(timeout=timeout)
           ~~~~~~~~~~^^^^^^^^^^^^^^^^^
  File "/opt/homebrew/Cellar/python@3.13/3.13.2/Frameworks/Python.framework/Versions/3.13/lib/python3.13/subprocess.py", line 2060, in _wait
    raise TimeoutExpired(self.args, timeout)
subprocess.TimeoutExpired: Command '['/Users/brianswitach/.wdm/drivers/chromedriver/mac64/140.0.7339.207/chromedriver-mac-arm64/chromedriver', '--port=53511']' timed out after 60 seconds
PASADA_FINALIZADA:Pass 47 — Completadas: none — Fallidas: 1
TRANSFE_START:1
ERROR al crear ChromeDriver: WebDriverException()
TRANSFE_FAILED:1
Service process refused to terminate gracefully with SIGTERM, escalating to SIGKILL.
Traceback (most recent call last):
  File "/Users/brianswitach/lohas/venv/lib/python3.13/site-packages/selenium/webdriver/common/service.py", line 179, in _terminate_process
    self.process.wait(60)
    ~~~~~~~~~~~~~~~~~^^^^
  File "/opt/homebrew/Cellar/python@3.13/3.13.2/Frameworks/Python.framework/Versions/3.13/lib/python3.13/subprocess.py", line 1276, in wait
    return self._wait(timeout=timeout)
           ~~~~~~~~~~^^^^^^^^^^^^^^^^^
  File "/opt/homebrew/Cellar/python@3.13/3.13.2/Frameworks/Python.framework/Versions/3.13/lib/python3.13/subprocess.py", line 2060, in _wait
    raise TimeoutExpired(self.args, timeout)
subprocess.TimeoutExpired: Command '['/Users/brianswitach/.wdm/drivers/chromedriver/mac64/140.0.7339.207/chromedriver-mac-arm64/chromedriver', '--port=54618']' timed out after 60 seconds
PASADA_FINALIZADA:Pass 48 — Completadas: none — Fallidas: 1
TRANSFE_START:1
ERROR al crear ChromeDriver: WebDriverException()
TRANSFE_FAILED:1
Service process refused to terminate gracefully with SIGTERM, escalating to SIGKILL.
Traceback (most recent call last):
  File "/Users/brianswitach/lohas/venv/lib/python3.13/site-packages/selenium/webdriver/common/service.py", line 179, in _terminate_process
    self.process.wait(60)
    ~~~~~~~~~~~~~~~~~^^^^
  File "/opt/homebrew/Cellar/python@3.13/3.13.2/Frameworks/Python.framework/Versions/3.13/lib/python3.13/subprocess.py", line 1276, in wait
    return self._wait(timeout=timeout)
           ~~~~~~~~~~^^^^^^^^^^^^^^^^^
  File "/opt/homebrew/Cellar/python@3.13/3.13.2/Frameworks/Python.framework/Versions/3.13/lib/python3.13/subprocess.py", line 2060, in _wait
    raise TimeoutExpired(self.args, timeout)
subprocess.TimeoutExpired: Command '['/Users/brianswitach/.wdm/drivers/chromedriver/mac64/140.0.7339.207/chromedriver-mac-arm64/chromedriver', '--port=55744']' timed out after 60 seconds
PASADA_FINALIZADA:Pass 49 — Completadas: none — Fallidas: 1
TRANSFE_START:1
ERROR al crear ChromeDriver: WebDriverException()
TRANSFE_FAILED:1
Service process refused to terminate gracefully with SIGTERM, escalating to SIGKILL.
Traceback (most recent call last):
  File "/Users/brianswitach/lohas/venv/lib/python3.13/site-packages/selenium/webdriver/common/service.py", line 179, in _terminate_process
    self.process.wait(60)
    ~~~~~~~~~~~~~~~~~^^^^
  File "/opt/homebrew/Cellar/python@3.13/3.13.2/Frameworks/Python.framework/Versions/3.13/lib/python3.13/subprocess.py", line 1276, in wait
    return self._wait(timeout=timeout)
           ~~~~~~~~~~^^^^^^^^^^^^^^^^^
  File "/opt/homebrew/Cellar/python@3.13/3.13.2/Frameworks/Python.framework/Versions/3.13/lib/python3.13/subprocess.py", line 2060, in _wait
    raise TimeoutExpired(self.args, timeout)
subprocess.TimeoutExpired: Command '['/Users/brianswitach/.wdm/drivers/chromedriver/mac64/140.0.7339.207/chromedriver-mac-arm64/chromedriver', '--port=56783']' timed out after 60 seconds
PASADA_FINALIZADA:Pass 50 — Completadas: none — Fallidas: 1
TRANSFE_START:1
ERROR al crear ChromeDriver: WebDriverException()
TRANSFE_FAILED:1
Service process refused to terminate gracefully with SIGTERM, escalating to SIGKILL.
Traceback (most recent call last):
  File "/Users/brianswitach/lohas/venv/lib/python3.13/site-packages/selenium/webdriver/common/service.py", line 179, in _terminate_process
    self.process.wait(60)
    ~~~~~~~~~~~~~~~~~^^^^
  File "/opt/homebrew/Cellar/python@3.13/3.13.2/Frameworks/Python.framework/Versions/3.13/lib/python3.13/subprocess.py", line 1276, in wait
    return self._wait(timeout=timeout)
           ~~~~~~~~~~^^^^^^^^^^^^^^^^^
  File "/opt/homebrew/Cellar/python@3.13/3.13.2/Frameworks/Python.framework/Versions/3.13/lib/python3.13/subprocess.py", line 2060, in _wait
    raise TimeoutExpired(self.args, timeout)
subprocess.TimeoutExpired: Command '['/Users/brianswitach/.wdm/drivers/chromedriver/mac64/140.0.7339.207/chromedriver-mac-arm64/chromedriver', '--port=57971']' timed out after 60 seconds
PASADA_FINALIZADA:Pass 51 — Completadas: none — Fallidas: 1
TRANSFE_START:1
ERROR al crear ChromeDriver: WebDriverException()
TRANSFE_FAILED:1
PASADA_FINALIZADA:Pass 52 — Completadas: none — Fallidas: 1
TRANSFE_START:1
TRANSFE_FAILED:1
PASADA_FINALIZADA:Pass 53 — Completadas: none — Fallidas: 1
TRANSFE_START:1
TRANSFE_FAILED:1
PASADA_FINALIZADA:Pass 54 — Completadas: none — Fallidas: 1
TRANSFE_START:1
TRANSFE_FAILED:1
PASADA_FINALIZADA:Pass 55 — Completadas: none — Fallidas: 1
TRANSFE_START:1
TRANSFE_FAILED:1
PASADA_FINALIZADA:Pass 56 — Completadas: none — Fallidas: 1
TRANSFE_START:1
