DEBUG: ===== INICIANDO FUNCIÓN main =====
DEBUG: SCAN_ONLY = None
DEBUG: DATE_FROM = None
DEBUG: DATE_TO = None
DEBUG: HEADLESS = None
DEBUG: ACCOUNT_SEL = None
DEBUG: PYTHONUNBUFFERED = 1
DEBUG: Modo normal - iniciando transferencia
Arranca la Transferencia #1
DEBUG: Llamando a login_otp()...
DEBUG: ===== INICIANDO PROCESO DE LOGIN OTP =====
DEBUG: No se configuraron fechas - solo proceso OTP
DEBUG: Iniciando proceso de login...
DEBUG: Navegando a URL: https://app.lohas.eco/app_Login
DEBUG: URL actual después de navegar: https://app.lohas.eco/app_Login
DEBUG: Buscando campo de usuario: id_sc_field_login
DEBUG: Campo de usuario encontrado: <selenium.webdriver.remote.webelement.WebElement (session="634f540632b476e65e1e3a1541be855a", element="f.9B1D1C6CC38E0FC37B8935A0FABB1C1B.d.3943541C2DAAC4AD79B48D6BDBE984DA.e.17")>
DEBUG: Usuario ingresado: briansw
DEBUG: Buscando campo de contraseña: id_sc_field_pswd
DEBUG: Campo de contraseña encontrado: <selenium.webdriver.remote.webelement.WebElement (session="634f540632b476e65e1e3a1541be855a", element="f.9B1D1C6CC38E0FC37B8935A0FABB1C1B.d.3943541C2DAAC4AD79B48D6BDBE984DA.e.18")>
DEBUG: Contraseña ingresada
DEBUG: Buscando botón de login...
DEBUG: Botón de login encontrado: None
DEBUG: login_otp() retornó: False
Fallida la Transferencia #1
