/Users/brianswitach/Documents/lohas/.venv/lib/python3.9/site-packages/urllib3/__init__.py:35: NotOpenSSLWarning: urllib3 v2 only supports OpenSSL 1.1.1+, currently the 'ssl' module is compiled with 'LibreSSL 2.8.3'. See: https://github.com/urllib3/urllib3/issues/3020
  warnings.warn(
Abriendo diálogo para seleccionar CSV...
CSV seleccionado: /Users/brianswitach/Downloads/145 RE 20250908 - bot.csv
Se encontraron 318 transferencias en el CSV
📄 Archivo de log creado: /Users/brianswitach/Documents/lohas/transfer_logs/transferencias_20251015_125235.txt
Arranca la Transferencia #1
DEBUG: Iniciando navegación del navegador
DEBUG: Página cargada, buscando campos de login
DEBUG: Buscando campo de usuario
DEBUG: Usuario ingresado
DEBUG: Buscando select de cuentas origen...
DEBUG: Encontradas 2 cuentas origen
DEBUG: Monto a transferir: 20000.0
DEBUG: Verificando cuenta 1: BPMUP SRL871 (0000155300000000000871) PONDRA.CUARTO.BALDE
DEBUG: Saldo leído (raw): '24.500,00'
DEBUG: Saldo: 24500.0, Monto: 20000.0
DEBUG: ✅ Cuenta con saldo suficiente encontrada: BPMUP SRL871 (0000155300000000000871) PONDRA.CUARTO.BALDE
DEBUG: Cuenta origen seleccionada: BPMUP SRL871 (0000155300000000000871) PONDRA.CUARTO.BALDE
DEBUG: CBU origen extraído: 0000155300000000000871
DEBUG: Buscando campo cuenta destino...
DEBUG: CBU destino pegado: 0000003100163899509815
Fallida la Transferencia #1
