DEBUG: ===== INICIANDO FUNCIÓN main =====
DEBUG: SCAN_ONLY = None
DEBUG: DATE_FROM = 2025-10-02
DEBUG: DATE_TO = 2025-10-03
DEBUG: HEADLESS = None
DEBUG: ACCOUNT_SEL = BPMUP SRL871 (0000155300000000000871) PONDRA.CUARTO.BALDE
DEBUG: PYTHONUNBUFFERED = 1
DEBUG: Modo normal - iniciando transferencia
Arranca la Transferencia #1
DEBUG: Llamando a login_otp()...
DEBUG: ===== INICIANDO PROCESO DE LOGIN OTP =====
DEBUG: Fechas configuradas: 2025-10-02 a 2025-10-03
DEBUG: Iniciando proceso de login...
DEBUG: Navegando a URL: https://app.lohas.eco/app_Login
DEBUG: URL actual después de navegar: https://app.lohas.eco/app_Login
DEBUG: Buscando campo de usuario: id_sc_field_login
DEBUG: Campo de usuario encontrado: <selenium.webdriver.remote.webelement.WebElement (session="6dd3d23b4d884e94f6966bfd5b7860d1", element="f.A86AA0BAFF3C758AEA43E768D16845B5.d.C0207BB8BC56CDFE32AD8FCBBA9DAD55.e.15")>
DEBUG: Usuario ingresado: briansw
DEBUG: Buscando campo de contraseña: id_sc_field_pswd
DEBUG: Campo de contraseña encontrado: <selenium.webdriver.remote.webelement.WebElement (session="6dd3d23b4d884e94f6966bfd5b7860d1", element="f.A86AA0BAFF3C758AEA43E768D16845B5.d.C0207BB8BC56CDFE32AD8FCBBA9DAD55.e.16")>
DEBUG: Contraseña ingresada
DEBUG: Buscando botón de login...
DEBUG: Botón de login encontrado: <selenium.webdriver.remote.webelement.WebElement (session="6dd3d23b4d884e94f6966bfd5b7860d1", element="f.A86AA0BAFF3C758AEA43E768D16845B5.d.C0207BB8BC56CDFE32AD8FCBBA9DAD55.e.57")>
DEBUG: Click en botón de login realizado
DEBUG: URL actual después del login: https://app.lohas.eco/app_control_2fa/
DEBUG: Esperando redirección al 2FA...
DEBUG: URL actual antes de esperar 2FA: https://app.lohas.eco/app_control_2fa/
DEBUG: ✅ Redirección a 2FA confirmada
DEBUG: URL actual después de esperar 2FA: https://app.lohas.eco/app_control_2fa/
DEBUG: Iniciando búsqueda de campo OTP...
DEBUG: Iniciando búsqueda de OTP con timeout=10
DEBUG: OTP_FIELD_ID = 'id_sc_field_code'
DEBUG: OTP_FIELD_NAME = 'code'
DEBUG: URL actual: https://app.lohas.eco/app_control_2fa/
DEBUG: 1) Buscando OTP por ID: 'id_sc_field_code'
DEBUG: Elemento encontrado por ID: <selenium.webdriver.remote.webelement.WebElement (session="6dd3d23b4d884e94f6966bfd5b7860d1", element="f.A86AA0BAFF3C758AEA43E768D16845B5.d.890BB0EE36690DBE77329388CDCFF6A2.e.74")>
DEBUG: Elemento visible: True
DEBUG: Elemento habilitado: True
DEBUG: ✅ OTP encontrado por ID y visible
DEBUG: ✅ Campo OTP encontrado exitosamente
DEBUG: Buscando todos los emails de lohas en la última hora...
DEBUG: Credenciales Gmail disponibles: brianswitach@gmail.com
DEBUG: Buscando emails desde: 03-Oct-2025
DEBUG: Encontrados 5 emails de sistema@lohas.eco en la última hora
DEBUG: Email 1 (UID 38074):
DEBUG:   Asunto: Código de acceso
DEBUG:   Cuerpo (primeros 200 chars):  Su código de inicio de sesión es  346098  , ingréselo en su sistema.   Si no ha podido generar el código, informe al administrador del sistema. 
...
DEBUG:   ✅ OTP encontrado: 346098
DEBUG: Email 2 (UID 38075):
DEBUG:   Asunto: Código de acceso
DEBUG:   Cuerpo (primeros 200 chars):  Su código de inicio de sesión es  042398  , ingréselo en su sistema.   Si no ha podido generar el código, informe al administrador del sistema. 
...
DEBUG:   ✅ OTP encontrado: 042398
DEBUG: Email 3 (UID 38076):
DEBUG:   Asunto: Código de acceso
DEBUG:   Cuerpo (primeros 200 chars):  Su código de inicio de sesión es  086535  , ingréselo en su sistema.   Si no ha podido generar el código, informe al administrador del sistema. 
...
DEBUG:   ✅ OTP encontrado: 086535
DEBUG: Email 4 (UID 38077):
DEBUG:   Asunto: Código de acceso
DEBUG:   Cuerpo (primeros 200 chars):  Su código de inicio de sesión es  678556  , ingréselo en su sistema.   Si no ha podido generar el código, informe al administrador del sistema. 
...
DEBUG:   ✅ OTP encontrado: 678556
DEBUG: Email 5 (UID 38078):
DEBUG:   Asunto: Código de acceso
DEBUG:   Cuerpo (primeros 200 chars):  Su código de inicio de sesión es  171363  , ingréselo en su sistema.   Si no ha podido generar el código, informe al administrador del sistema. 
...
DEBUG:   ✅ OTP encontrado: 171363
DEBUG: Buscando emails recientes de lohas (sin filtro de fecha)...
DEBUG: Total de emails de sistema@lohas.eco encontrados: 187
DEBUG: Email reciente 1 (UID 38076):
DEBUG:   Asunto: Código de acceso
DEBUG:   Cuerpo (primeros 200 chars):  Su código de inicio de sesión es  086535  , ingréselo en su sistema.   Si no ha podido generar el código, informe al administrador del sistema. 
...
DEBUG:   ✅ OTP encontrado: 086535
DEBUG: Email reciente 2 (UID 38077):
DEBUG:   Asunto: Código de acceso
DEBUG:   Cuerpo (primeros 200 chars):  Su código de inicio de sesión es  678556  , ingréselo en su sistema.   Si no ha podido generar el código, informe al administrador del sistema. 
...
DEBUG:   ✅ OTP encontrado: 678556
DEBUG: Email reciente 3 (UID 38078):
DEBUG:   Asunto: Código de acceso
DEBUG:   Cuerpo (primeros 200 chars):  Su código de inicio de sesión es  171363  , ingréselo en su sistema.   Si no ha podido generar el código, informe al administrador del sistema. 
...
DEBUG:   ✅ OTP encontrado: 171363
DEBUG: Preparando búsqueda de OTP con baseline UID...
DEBUG: Baseline UID establecido: 38078
DEBUG: Usando el último OTP encontrado...
DEBUG: Último UID encontrado: 38078
DEBUG: Último email (UID 38078):
DEBUG:   Asunto: Código de acceso
DEBUG:   Cuerpo (primeros 200 chars):  Su código de inicio de sesión es  171363  , ingréselo en su sistema.   Si no ha podido generar el código, informe al administrador del sistema. 
...
DEBUG: ✅ Código OTP obtenido del último email: 171363
DEBUG: Iniciando proceso de pegar OTP...
DEBUG: Limpiando campo OTP...
DEBUG: ✅ Campo OTP limpiado
DEBUG: Pegando código OTP: 171363
DEBUG: ✅ Código OTP pegado con JavaScript (sin formato)
DEBUG: Valor actual del campo: '1-7-1-3-6-3'
DEBUG: ✅ Verificación: código pegado correctamente (con formato automático)
DEBUG: Esperando 1s antes de confirmar/aceptar...
DEBUG: Buscando y clickeando botón Aceptar (1/2)...
DEBUG: ✅ Click en botón Aceptar 1/2 exitoso
DEBUG: Buscando y clickeando botón Aceptar (2/2, id=sub_form_b)...
DEBUG: ✅ Click en botón Aceptar 2/2 (sub_form_b) exitoso
DEBUG: Verificando salida de 2FA...
DEBUG: URL tras aceptar: https://app.lohas.eco/menu_cli/
DEBUG: Esperando 4s antes de ir a la grilla...
DEBUG: Navegando a grilla: https://app.lohas.eco/grid_movimientos_cuenta_usuario/
DEBUG: Esperando 3s para que cargue la grilla...
DEBUG: Buscando dropdown de cuentas...
DEBUG: Dropdown encontrado: <selenium.webdriver.remote.webelement.WebElement (session="6dd3d23b4d884e94f6966bfd5b7860d1", element="f.A86AA0BAFF3C758AEA43E768D16845B5.d.0080BA00DD2E8CE584B964679366A731.e.123")>
DEBUG: Encontradas 2 opciones en el dropdown
DEBUG: Cuenta 1: BPMUP SRL871 (0000155300000000000871) PONDRA.CUARTO.BALDE
DEBUG: Cuenta 2: BPMUP SRL888 (0000155300000000000888) MAR.TEXTO.DESTILAN
DEBUG: Total de cuentas leídas: 2
DEBUG: ✅ Cuentas leídas exitosamente
DEBUG: Retornando True - flujo post-OTP completado
DEBUG: login_otp() retornó: True
Completada la Transferencia #1
